[35m[Appium][39m Welcome to Appium v2.5.0
[35m[Appium][39m Non-default server args:
[35m[Appium][39m { basePath: [32m'/wd/hub'[39m, loglevel: [32m'info'[39m, port: [33m64050[39m }
[35m[Appium][39m Attempting to load driver uiautomator2...
[Appium] Appium REST http interface listener started on http://0.0.0.0:64050/wd/hub
[Appium] You can provide the following URLs in your client code to connect to this server:
[Appium] 	http://127.0.0.1:64050/wd/hub (only accessible from the same host)
[Appium] 	http://172.20.10.6:64050/wd/hub
[Appium] 	http://169.254.17.156:64050/wd/hub
[Appium] Available drivers:
[Appium]   - uiautomator2@3.0.0 (automationName 'UiAutomator2')
[Appium] No plugins have been installed. Use the "appium plugin" command to install the one(s) you want to use.
[38;5;0m[HTTP][0m [37m-->[39m [37mGET[39m [37m/wd/hub/status[39m
[38;5;0m[HTTP][0m {}
[38;5;0m[HTTP][0m <-- GET /wd/hub/status 200 5 ms - 110
[38;5;0m[HTTP][0m 
[38;5;0m[HTTP][0m [37m-->[39m [37mPOST[39m [37m/wd/hub/session[39m
[38;5;0m[HTTP][0m {"desiredCapabilities":{"appium:systemPort":64049,"appium:newCommandTimeout":1800,"appium:automationName":"uiautomator2","appium:fullReset":true,"appium:platformVersion":"14","appium:noReset":false,"appium:udid":"emulator-5554","appium:autoGrantPermissions":true,"appium:platformName":"ANDROID","appium:deviceName":"emulator-5554 (sdk_gphone64_arm64 - Android 14)","platformName":"Android","appium:app":"/Users/admin/Downloads/Advantage+demo+3.2.apk"},"capabilities":{"firstMatch":[{"appium:app":"/Users/admin/Downloads/Advantage+demo+3.2.apk","appium:autoGrantPermissions":true,"appium:automationName":"uiautomator2","appium:deviceName":"emulator-5554 (sdk_gphone64_arm64 - Android 14)","appium:fullReset":true,"appium:newCommandTimeout":1800,"appium:noReset":false,"appium:platformName":"ANDROID","appium:platformVersion":"14","appium:systemPort":64049,"appium:udid":"emulator-5554","platformName":"android"}]}}
[38;5;32m[BaseDriver][0m Ignoring capability 'appium:platformName=ANDROID' and using capability 'platformName=android'
[38;5;32m[BaseDriver][0m The capabilities ["platformName"] are standard capabilities and do not require "appium:" prefix
[Appium] Attempting to find matching driver for automationName 'uiautomator2' and platformName 'android'
[Appium] The 'uiautomator2' driver was installed and matched caps.
[Appium] Will require it at /Users/admin/.appium/node_modules/appium-uiautomator2-driver
[38;5;16m[AppiumDriver@0ef7][0m Appium v2.5.0 creating new AndroidUiautomator2Driver (v3.0.0) session
[38;5;16m[AppiumDriver@0ef7][0m Checking BaseDriver versions for Appium and AndroidUiautomator2Driver
[38;5;16m[AppiumDriver@0ef7][0m Appium's BaseDriver version is 9.5.1
[38;5;16m[AppiumDriver@0ef7][0m AndroidUiautomator2Driver's BaseDriver version is 9.5.1
[38;5;48m[AndroidUiautomator2Driver@c652 (3229414f)][0m Session created with session id: 3229414f-4ff7-45b5-afeb-98db8c659cb9
[38;5;64m[ADB][0m Found 1 'build-tools' folders under '/Users/admin/.katalon/tools/android_sdk' (newest first):
[38;5;64m[ADB][0m     /Users/admin/.katalon/tools/android_sdk/build-tools/29.0.3
[38;5;64m[ADB][0m Using 'adb' from '/Users/admin/.katalon/tools/android_sdk/platform-tools/adb'
[38;5;48m[AndroidUiautomator2Driver@c652 (3229414f)][0m Retrieving device list
[38;5;48m[AndroidUiautomator2Driver@c652 (3229414f)][0m Using device: emulator-5554
[38;5;64m[ADB][0m Using 'adb' from '/Users/admin/.katalon/tools/android_sdk/platform-tools/adb'
[38;5;32m[BaseDriver][0m Using local app '/Users/admin/Downloads/Advantage+demo+3.2.apk'
[38;5;64m[ADB][0m Getting device platform version
[38;5;48m[AndroidUiautomator2Driver@c652 (3229414f)][0m Relaxing hidden api policy
[38;5;64m[ADB][0m Package name: 'com.Advantage.aShopping'
[38;5;64m[ADB][0m Main activity name: 'com.Advantage.aShopping.SplashActivity'
[38;5;64m[ADB][0m Using 'apksigner.jar' from '/Users/admin/.katalon/tools/android_sdk/build-tools/29.0.3/lib/apksigner.jar'
[38;5;64m[ADB][0m '/Users/admin/.appium/node_modules/appium-uiautomator2-driver/node_modules/appium-uiautomator2-server/apks/appium-uiautomator2-server-debug-androidTest.apk' is signed with the default certificate
[38;5;64m[ADB][0m '/Users/admin/Downloads/Advantage+demo+3.2.apk' is signed with a non-default certificate
[38;5;64m[ADB][0m '/Users/admin/.appium/node_modules/appium-uiautomator2-driver/node_modules/appium-uiautomator2-server/apks/appium-uiautomator2-server-v7.0.0.apk' is signed with the default certificate
[38;5;64m[ADB][0m com.Advantage.aShopping was not uninstalled, because it was not present on the device
[38;5;48m[AndroidUiautomator2Driver@c652 (3229414f)][0m Server packages are not going to be (re)installed
[38;5;64m[ADB][0m The application at '/Users/admin/Downloads/Advantage+demo+3.2.apk' will not be cached, because the device under test has confirmed the support of streamed installs
[38;5;64m[ADB][0m Adding packages ["io.appium.settings","io.appium.uiautomator2.server","io.appium.uiautomator2.server.test"] to Doze whitelist
[38;5;64m[ADB][0m The installation of 'Advantage+demo+3.2.apk' took 640ms
[38;5;48m[AndroidUiautomator2Driver@c652 (3229414f)][0m Starting UIAutomator2 server 7.0.0
[38;5;48m[AndroidUiautomator2Driver@c652 (3229414f)][0m Using UIAutomator2 server from '/Users/admin/.appium/node_modules/appium-uiautomator2-driver/node_modules/appium-uiautomator2-server/apks/appium-uiautomator2-server-v7.0.0.apk' and test from '/Users/admin/.appium/node_modules/appium-uiautomator2-driver/node_modules/appium-uiautomator2-server/apks/appium-uiautomator2-server-debug-androidTest.apk'
[38;5;48m[AndroidUiautomator2Driver@c652 (3229414f)][0m Waiting up to 30000ms for UiAutomator2 to be online...
[38;5;48m[AndroidUiautomator2Driver@c652 (3229414f)][0m socket hang up
[38;5;48m[AndroidUiautomator2Driver@c652 (3229414f)][0m socket hang up
[38;5;48m[AndroidUiautomator2Driver@c652 (3229414f)][0m socket hang up
[38;5;48m[AndroidUiautomator2Driver@c652 (3229414f)][0m Determined the downstream protocol as 'W3C'
[38;5;48m[AndroidUiautomator2Driver@c652 (3229414f)][0m Screen already unlocked, doing nothing
[38;5;48m[AndroidUiautomator2Driver@c652 (3229414f)][0m Starting 'com.Advantage.aShopping/com.Advantage.aShopping.SplashActivity and waiting for 'com.Advantage.aShopping/com.Advantage.aShopping.SplashActivity'
[38;5;16m[AppiumDriver@0ef7][0m New AndroidUiautomator2Driver session created successfully, session 3229414f-4ff7-45b5-afeb-98db8c659cb9 added to master session list
[38;5;0m[HTTP][0m <-- POST /wd/hub/session 200 7280 ms - 1212
[38;5;0m[HTTP][0m 
[38;5;0m[HTTP][0m [37m-->[39m [37mGET[39m [37m/wd/hub/session/3229414f-4ff7-45b5-afeb-98db8c659cb9[39m
[38;5;0m[HTTP][0m {}
[38;5;0m[HTTP][0m <-- GET /wd/hub/session/3229414f-4ff7-45b5-afeb-98db8c659cb9 200 25 ms - 358
[38;5;0m[HTTP][0m 
[38;5;0m[HTTP][0m [37m-->[39m [37mGET[39m [37m/wd/hub/session/3229414f-4ff7-45b5-afeb-98db8c659cb9[39m
[38;5;0m[HTTP][0m {}
[38;5;0m[HTTP][0m <-- GET /wd/hub/session/3229414f-4ff7-45b5-afeb-98db8c659cb9 200 14 ms - 358
[38;5;0m[HTTP][0m 
[38;5;0m[HTTP][0m [37m-->[39m [37mGET[39m [37m/wd/hub/status[39m
[38;5;0m[HTTP][0m {}
[38;5;0m[HTTP][0m <-- GET /wd/hub/status 200 2 ms - 110
[38;5;0m[HTTP][0m 
[38;5;0m[HTTP][0m [37m-->[39m [37mPOST[39m [37m/wd/hub/session/3229414f-4ff7-45b5-afeb-98db8c659cb9/timeouts[39m
[38;5;0m[HTTP][0m {"implicit":30000}
[38;5;0m[HTTP][0m <-- POST /wd/hub/session/3229414f-4ff7-45b5-afeb-98db8c659cb9/timeouts 200 7 ms - 14
[38;5;0m[HTTP][0m 
[38;5;0m[HTTP][0m [37m-->[39m [37mGET[39m [37m/wd/hub/session/3229414f-4ff7-45b5-afeb-98db8c659cb9/appium/device/system_bars[39m
[38;5;0m[HTTP][0m {}
[38;5;0m[HTTP][0m <-- GET /wd/hub/session/3229414f-4ff7-45b5-afeb-98db8c659cb9/appium/device/system_bars 200 348 ms - 151
[38;5;0m[HTTP][0m 
[38;5;0m[HTTP][0m [37m-->[39m [37mPOST[39m [37m/wd/hub/session/3229414f-4ff7-45b5-afeb-98db8c659cb9/timeouts[39m
[38;5;0m[HTTP][0m {"implicit":50}
[38;5;0m[HTTP][0m <-- POST /wd/hub/session/3229414f-4ff7-45b5-afeb-98db8c659cb9/timeouts 200 1 ms - 14
[38;5;0m[HTTP][0m 
[38;5;0m[HTTP][0m [37m-->[39m [37mGET[39m [37m/wd/hub/session/3229414f-4ff7-45b5-afeb-98db8c659cb9/window/rect[39m
[38;5;0m[HTTP][0m {}
[38;5;0m[HTTP][0m <-- GET /wd/hub/session/3229414f-4ff7-45b5-afeb-98db8c659cb9/window/rect 200 63 ms - 50
[38;5;0m[HTTP][0m 
[38;5;0m[HTTP][0m [37m-->[39m [37mPOST[39m [37m/wd/hub/session/3229414f-4ff7-45b5-afeb-98db8c659cb9/elements[39m
[38;5;0m[HTTP][0m {"using":"xpath","value":"//*[@class = 'android.widget.ImageView' and @resource-id = 'com.Advantage.aShopping:id/imageViewMenu' and (@text = '' or . = '')]"}
[38;5;0m[HTTP][0m <-- POST /wd/hub/session/3229414f-4ff7-45b5-afeb-98db8c659cb9/elements 200 499 ms - 12
[38;5;0m[HTTP][0m 
[38;5;0m[HTTP][0m [37m-->[39m [37mPOST[39m [37m/wd/hub/session/3229414f-4ff7-45b5-afeb-98db8c659cb9/elements[39m
[38;5;0m[HTTP][0m {"using":"xpath","value":"//*[@class = 'android.widget.ImageView' and @resource-id = 'com.Advantage.aShopping:id/imageViewMenu' and (@text = '' or . = '')]"}
[38;5;0m[HTTP][0m <-- POST /wd/hub/session/3229414f-4ff7-45b5-afeb-98db8c659cb9/elements 200 63 ms - 12
[38;5;0m[HTTP][0m 
[38;5;0m[HTTP][0m [37m-->[39m [37mPOST[39m [37m/wd/hub/session/3229414f-4ff7-45b5-afeb-98db8c659cb9/elements[39m
[38;5;0m[HTTP][0m {"using":"xpath","value":"//*[@class = 'android.widget.ImageView' and @resource-id = 'com.Advantage.aShopping:id/imageViewMenu' and (@text = '' or . = '')]"}
[38;5;0m[HTTP][0m <-- POST /wd/hub/session/3229414f-4ff7-45b5-afeb-98db8c659cb9/elements 200 60 ms - 12
[38;5;0m[HTTP][0m 
[38;5;0m[HTTP][0m [37m-->[39m [37mPOST[39m [37m/wd/hub/session/3229414f-4ff7-45b5-afeb-98db8c659cb9/elements[39m
[38;5;0m[HTTP][0m {"using":"xpath","value":"//*[@class = 'android.widget.ImageView' and @resource-id = 'com.Advantage.aShopping:id/imageViewMenu' and (@text = '' or . = '')]"}
[38;5;0m[HTTP][0m <-- POST /wd/hub/session/3229414f-4ff7-45b5-afeb-98db8c659cb9/elements 200 51 ms - 12
[38;5;0m[HTTP][0m 
[38;5;0m[HTTP][0m [37m-->[39m [37mPOST[39m [37m/wd/hub/session/3229414f-4ff7-45b5-afeb-98db8c659cb9/elements[39m
[38;5;0m[HTTP][0m {"using":"xpath","value":"//*[@class = 'android.widget.ImageView' and @resource-id = 'com.Advantage.aShopping:id/imageViewMenu' and (@text = '' or . = '')]"}
[38;5;0m[HTTP][0m <-- POST /wd/hub/session/3229414f-4ff7-45b5-afeb-98db8c659cb9/elements 200 92 ms - 12
[38;5;0m[HTTP][0m 
[38;5;0m[HTTP][0m [37m-->[39m [37mPOST[39m [37m/wd/hub/session/3229414f-4ff7-45b5-afeb-98db8c659cb9/elements[39m
[38;5;0m[HTTP][0m {"using":"xpath","value":"//*[@class = 'android.widget.ImageView' and @resource-id = 'com.Advantage.aShopping:id/imageViewMenu' and (@text = '' or . = '')]"}
[38;5;0m[HTTP][0m <-- POST /wd/hub/session/3229414f-4ff7-45b5-afeb-98db8c659cb9/elements 200 94 ms - 12
[38;5;0m[HTTP][0m 
[38;5;0m[HTTP][0m [37m-->[39m [37mPOST[39m [37m/wd/hub/session/3229414f-4ff7-45b5-afeb-98db8c659cb9/elements[39m
[38;5;0m[HTTP][0m {"using":"xpath","value":"//*[@class = 'android.widget.ImageView' and @resource-id = 'com.Advantage.aShopping:id/imageViewMenu' and (@text = '' or . = '')]"}
[38;5;0m[HTTP][0m <-- POST /wd/hub/session/3229414f-4ff7-45b5-afeb-98db8c659cb9/elements 200 58 ms - 12
[38;5;0m[HTTP][0m 
[38;5;0m[HTTP][0m [37m-->[39m [37mPOST[39m [37m/wd/hub/session/3229414f-4ff7-45b5-afeb-98db8c659cb9/elements[39m
[38;5;0m[HTTP][0m {"using":"xpath","value":"//*[@class = 'android.widget.ImageView' and @resource-id = 'com.Advantage.aShopping:id/imageViewMenu' and (@text = '' or . = '')]"}
[38;5;0m[HTTP][0m <-- POST /wd/hub/session/3229414f-4ff7-45b5-afeb-98db8c659cb9/elements 200 97 ms - 12
[38;5;0m[HTTP][0m 
[38;5;0m[HTTP][0m [37m-->[39m [37mPOST[39m [37m/wd/hub/session/3229414f-4ff7-45b5-afeb-98db8c659cb9/elements[39m
[38;5;0m[HTTP][0m {"using":"xpath","value":"//*[@class = 'android.widget.ImageView' and @resource-id = 'com.Advantage.aShopping:id/imageViewMenu' and (@text = '' or . = '')]"}
[38;5;0m[HTTP][0m <-- POST /wd/hub/session/3229414f-4ff7-45b5-afeb-98db8c659cb9/elements 200 93 ms - 12
[38;5;0m[HTTP][0m 
[38;5;0m[HTTP][0m [37m-->[39m [37mPOST[39m [37m/wd/hub/session/3229414f-4ff7-45b5-afeb-98db8c659cb9/elements[39m
[38;5;0m[HTTP][0m {"using":"xpath","value":"//*[@class = 'android.widget.ImageView' and @resource-id = 'com.Advantage.aShopping:id/imageViewMenu' and (@text = '' or . = '')]"}
[38;5;0m[HTTP][0m <-- POST /wd/hub/session/3229414f-4ff7-45b5-afeb-98db8c659cb9/elements 200 60 ms - 12
[38;5;0m[HTTP][0m 
[38;5;0m[HTTP][0m [37m-->[39m [37mPOST[39m [37m/wd/hub/session/3229414f-4ff7-45b5-afeb-98db8c659cb9/elements[39m
[38;5;0m[HTTP][0m {"using":"xpath","value":"//*[@class = 'android.widget.ImageView' and @resource-id = 'com.Advantage.aShopping:id/imageViewMenu' and (@text = '' or . = '')]"}
[38;5;0m[HTTP][0m <-- POST /wd/hub/session/3229414f-4ff7-45b5-afeb-98db8c659cb9/elements 200 416 ms - 12
[38;5;0m[HTTP][0m 
[38;5;0m[HTTP][0m [37m-->[39m [37mPOST[39m [37m/wd/hub/session/3229414f-4ff7-45b5-afeb-98db8c659cb9/elements[39m
[38;5;0m[HTTP][0m {"using":"xpath","value":"//*[@class = 'android.widget.ImageView' and @resource-id = 'com.Advantage.aShopping:id/imageViewMenu' and (@text = '' or . = '')]"}
[38;5;0m[HTTP][0m <-- POST /wd/hub/session/3229414f-4ff7-45b5-afeb-98db8c659cb9/elements 200 1158 ms - 139
[38;5;0m[HTTP][0m 
[38;5;0m[HTTP][0m [37m-->[39m [37mGET[39m [37m/wd/hub/session/3229414f-4ff7-45b5-afeb-98db8c659cb9/element/00000000-0000-01d3-ffff-ffff00000018/location[39m
[38;5;0m[HTTP][0m {}
[38;5;48m[AndroidUiautomator2Driver@c652 (3229414f)][0m Driver proxy active, passing request on via HTTP proxy
[38;5;48m[AndroidUiautomator2Driver@c652 (3229414f)][0m Replacing sessionId 149f91b1-08fa-4398-a142-d6965fd6b188 with 3229414f-4ff7-45b5-afeb-98db8c659cb9
[38;5;0m[HTTP][0m <-- GET /wd/hub/session/3229414f-4ff7-45b5-afeb-98db8c659cb9/element/00000000-0000-01d3-ffff-ffff00000018/location 200 17 ms - 75
[38;5;0m[HTTP][0m 
[38;5;0m[HTTP][0m [37m-->[39m [37mPOST[39m [37m/wd/hub/session/3229414f-4ff7-45b5-afeb-98db8c659cb9/timeouts[39m
[38;5;0m[HTTP][0m {"implicit":30000}
[38;5;0m[HTTP][0m <-- POST /wd/hub/session/3229414f-4ff7-45b5-afeb-98db8c659cb9/timeouts 200 1 ms - 14
[38;5;0m[HTTP][0m 
[38;5;0m[HTTP][0m [37m-->[39m [37mPOST[39m [37m/wd/hub/session/3229414f-4ff7-45b5-afeb-98db8c659cb9/element/00000000-0000-01d3-ffff-ffff00000018/click[39m
[38;5;0m[HTTP][0m {"id":"00000000-0000-01d3-ffff-ffff00000018"}
[38;5;0m[HTTP][0m <-- POST /wd/hub/session/3229414f-4ff7-45b5-afeb-98db8c659cb9/element/00000000-0000-01d3-ffff-ffff00000018/click 200 989 ms - 14
[38;5;0m[HTTP][0m 
[38;5;0m[HTTP][0m [37m-->[39m [37mPOST[39m [37m/wd/hub/session/3229414f-4ff7-45b5-afeb-98db8c659cb9/timeouts[39m
[38;5;0m[HTTP][0m {"implicit":50}
[38;5;0m[HTTP][0m <-- POST /wd/hub/session/3229414f-4ff7-45b5-afeb-98db8c659cb9/timeouts 200 1 ms - 14
[38;5;0m[HTTP][0m 
[38;5;0m[HTTP][0m [37m-->[39m [37mGET[39m [37m/wd/hub/session/3229414f-4ff7-45b5-afeb-98db8c659cb9/window/rect[39m
[38;5;0m[HTTP][0m {}
[38;5;0m[HTTP][0m <-- GET /wd/hub/session/3229414f-4ff7-45b5-afeb-98db8c659cb9/window/rect 200 24 ms - 50
[38;5;0m[HTTP][0m 
[38;5;0m[HTTP][0m [37m-->[39m [37mPOST[39m [37m/wd/hub/session/3229414f-4ff7-45b5-afeb-98db8c659cb9/elements[39m
[38;5;0m[HTTP][0m {"using":"xpath","value":"//hierarchy/android.widget.FrameLayout[1]/android.widget.LinearLayout[1]/android.widget.FrameLayout[1]/android.widget.LinearLayout[1]/android.widget.FrameLayout[1]/androidx.drawerlayout.widget.DrawerLayout[1]/android.widget.FrameLayout[1]/androidx.recyclerview.widget.RecyclerView[1]/android.widget.LinearLayout[1]/android.widget.LinearLayout[1]/android.widget.LinearLayout[1]/android.widget.LinearLayout[1]/android.widget.LinearLayout[1]"}
[38;5;0m[HTTP][0m <-- POST /wd/hub/session/3229414f-4ff7-45b5-afeb-98db8c659cb9/elements 200 436 ms - 139
[38;5;0m[HTTP][0m 
[38;5;0m[HTTP][0m [37m-->[39m [37mGET[39m [37m/wd/hub/session/3229414f-4ff7-45b5-afeb-98db8c659cb9/element/00000000-0000-01d3-ffff-ffff00000040/location[39m
[38;5;0m[HTTP][0m {}
[38;5;48m[AndroidUiautomator2Driver@c652 (3229414f)][0m Driver proxy active, passing request on via HTTP proxy
[38;5;48m[AndroidUiautomator2Driver@c652 (3229414f)][0m Replacing sessionId 149f91b1-08fa-4398-a142-d6965fd6b188 with 3229414f-4ff7-45b5-afeb-98db8c659cb9
[38;5;0m[HTTP][0m <-- GET /wd/hub/session/3229414f-4ff7-45b5-afeb-98db8c659cb9/element/00000000-0000-01d3-ffff-ffff00000040/location 200 31 ms - 78
[38;5;0m[HTTP][0m 
[38;5;0m[HTTP][0m [37m-->[39m [37mPOST[39m [37m/wd/hub/session/3229414f-4ff7-45b5-afeb-98db8c659cb9/timeouts[39m
[38;5;0m[HTTP][0m {"implicit":30000}
[38;5;0m[HTTP][0m <-- POST /wd/hub/session/3229414f-4ff7-45b5-afeb-98db8c659cb9/timeouts 200 2 ms - 14
[38;5;0m[HTTP][0m 
[38;5;0m[HTTP][0m [37m-->[39m [37mPOST[39m [37m/wd/hub/session/3229414f-4ff7-45b5-afeb-98db8c659cb9/element/00000000-0000-01d3-ffff-ffff00000040/click[39m
[38;5;0m[HTTP][0m {"id":"00000000-0000-01d3-ffff-ffff00000040"}
[38;5;0m[HTTP][0m <-- POST /wd/hub/session/3229414f-4ff7-45b5-afeb-98db8c659cb9/element/00000000-0000-01d3-ffff-ffff00000040/click 200 189 ms - 14
[38;5;0m[HTTP][0m 
[38;5;0m[HTTP][0m [37m-->[39m [37mPOST[39m [37m/wd/hub/session/3229414f-4ff7-45b5-afeb-98db8c659cb9/timeouts[39m
[38;5;0m[HTTP][0m {"implicit":50}
[38;5;0m[HTTP][0m <-- POST /wd/hub/session/3229414f-4ff7-45b5-afeb-98db8c659cb9/timeouts 200 1 ms - 14
[38;5;0m[HTTP][0m 
[38;5;0m[HTTP][0m [37m-->[39m [37mGET[39m [37m/wd/hub/session/3229414f-4ff7-45b5-afeb-98db8c659cb9/window/rect[39m
[38;5;0m[HTTP][0m {}
[38;5;0m[HTTP][0m <-- GET /wd/hub/session/3229414f-4ff7-45b5-afeb-98db8c659cb9/window/rect 200 27 ms - 50
[38;5;0m[HTTP][0m 
[38;5;0m[HTTP][0m [37m-->[39m [37mPOST[39m [37m/wd/hub/session/3229414f-4ff7-45b5-afeb-98db8c659cb9/elements[39m
[38;5;0m[HTTP][0m {"using":"xpath","value":"//hierarchy/android.widget.FrameLayout[1]/android.widget.LinearLayout[1]/android.widget.FrameLayout[1]/android.widget.LinearLayout[1]/android.widget.FrameLayout[1]/android.widget.RelativeLayout[1]/android.widget.LinearLayout[2]/android.widget.RelativeLayout[3]/android.widget.EditText[1]"}
[38;5;0m[HTTP][0m <-- POST /wd/hub/session/3229414f-4ff7-45b5-afeb-98db8c659cb9/elements 200 781 ms - 12
[38;5;0m[HTTP][0m 
[38;5;0m[HTTP][0m [37m-->[39m [37mPOST[39m [37m/wd/hub/session/3229414f-4ff7-45b5-afeb-98db8c659cb9/elements[39m
[38;5;0m[HTTP][0m {"using":"xpath","value":"//hierarchy/android.widget.FrameLayout[1]/android.widget.LinearLayout[1]/android.widget.FrameLayout[1]/android.widget.LinearLayout[1]/android.widget.FrameLayout[1]/android.widget.RelativeLayout[1]/android.widget.LinearLayout[2]/android.widget.RelativeLayout[3]/android.widget.EditText[1]"}
[38;5;0m[HTTP][0m <-- POST /wd/hub/session/3229414f-4ff7-45b5-afeb-98db8c659cb9/elements 200 1190 ms - 139
[38;5;0m[HTTP][0m 
[38;5;0m[HTTP][0m [37m-->[39m [37mGET[39m [37m/wd/hub/session/3229414f-4ff7-45b5-afeb-98db8c659cb9/element/00000000-0000-01d4-ffff-ffff00000077/location[39m
[38;5;0m[HTTP][0m {}
[38;5;48m[AndroidUiautomator2Driver@c652 (3229414f)][0m Driver proxy active, passing request on via HTTP proxy
[38;5;48m[AndroidUiautomator2Driver@c652 (3229414f)][0m Replacing sessionId 149f91b1-08fa-4398-a142-d6965fd6b188 with 3229414f-4ff7-45b5-afeb-98db8c659cb9
[38;5;0m[HTTP][0m <-- GET /wd/hub/session/3229414f-4ff7-45b5-afeb-98db8c659cb9/element/00000000-0000-01d4-ffff-ffff00000077/location 200 15 ms - 77
[38;5;0m[HTTP][0m 
[38;5;0m[HTTP][0m [37m-->[39m [37mPOST[39m [37m/wd/hub/session/3229414f-4ff7-45b5-afeb-98db8c659cb9/timeouts[39m
[38;5;0m[HTTP][0m {"implicit":30000}
[38;5;0m[HTTP][0m <-- POST /wd/hub/session/3229414f-4ff7-45b5-afeb-98db8c659cb9/timeouts 200 1 ms - 14
[38;5;0m[HTTP][0m 
[38;5;0m[HTTP][0m [37m-->[39m [37mPOST[39m [37m/wd/hub/session/3229414f-4ff7-45b5-afeb-98db8c659cb9/element/00000000-0000-01d4-ffff-ffff00000077/clear[39m
[38;5;0m[HTTP][0m {"id":"00000000-0000-01d4-ffff-ffff00000077"}
[38;5;0m[HTTP][0m <-- POST /wd/hub/session/3229414f-4ff7-45b5-afeb-98db8c659cb9/element/00000000-0000-01d4-ffff-ffff00000077/clear 200 16 ms - 14
[38;5;0m[HTTP][0m 
[38;5;0m[HTTP][0m [37m-->[39m [37mPOST[39m [37m/wd/hub/session/3229414f-4ff7-45b5-afeb-98db8c659cb9/element/00000000-0000-01d4-ffff-ffff00000077/click[39m
[38;5;0m[HTTP][0m {"id":"00000000-0000-01d4-ffff-ffff00000077"}
[38;5;0m[HTTP][0m <-- POST /wd/hub/session/3229414f-4ff7-45b5-afeb-98db8c659cb9/element/00000000-0000-01d4-ffff-ffff00000077/click 200 587 ms - 14
[38;5;0m[HTTP][0m 
[38;5;0m[HTTP][0m [37m-->[39m [37mPOST[39m [37m/wd/hub/session/3229414f-4ff7-45b5-afeb-98db8c659cb9/element/00000000-0000-01d4-ffff-ffff00000077/value[39m
[38;5;0m[HTTP][0m {"id":"00000000-0000-01d4-ffff-ffff00000077","text":"testinglagi","value":["t","e","s","t","i","n","g","l","a","g","i"]}
[38;5;0m[HTTP][0m <-- POST /wd/hub/session/3229414f-4ff7-45b5-afeb-98db8c659cb9/element/00000000-0000-01d4-ffff-ffff00000077/value 200 984 ms - 14
[38;5;0m[HTTP][0m 
[38;5;0m[HTTP][0m [37m-->[39m [37mPOST[39m [37m/wd/hub/session/3229414f-4ff7-45b5-afeb-98db8c659cb9/timeouts[39m
[38;5;0m[HTTP][0m {"implicit":50}
[38;5;0m[HTTP][0m <-- POST /wd/hub/session/3229414f-4ff7-45b5-afeb-98db8c659cb9/timeouts 200 3 ms - 14
[38;5;0m[HTTP][0m 
[38;5;0m[HTTP][0m [37m-->[39m [37mGET[39m [37m/wd/hub/session/3229414f-4ff7-45b5-afeb-98db8c659cb9/window/rect[39m
[38;5;0m[HTTP][0m {}
[38;5;0m[HTTP][0m <-- GET /wd/hub/session/3229414f-4ff7-45b5-afeb-98db8c659cb9/window/rect 200 23 ms - 50
[38;5;0m[HTTP][0m 
[38;5;0m[HTTP][0m [37m-->[39m [37mPOST[39m [37m/wd/hub/session/3229414f-4ff7-45b5-afeb-98db8c659cb9/elements[39m
[38;5;0m[HTTP][0m {"using":"xpath","value":"//hierarchy/android.widget.FrameLayout[1]/android.widget.LinearLayout[1]/android.widget.FrameLayout[1]/android.widget.LinearLayout[1]/android.widget.FrameLayout[1]/android.widget.RelativeLayout[1]/android.widget.LinearLayout[2]/android.widget.RelativeLayout[4]/android.widget.EditText[1]"}
[38;5;0m[HTTP][0m <-- POST /wd/hub/session/3229414f-4ff7-45b5-afeb-98db8c659cb9/elements 200 1067 ms - 139
[38;5;0m[HTTP][0m 
[38;5;0m[HTTP][0m [37m-->[39m [37mGET[39m [37m/wd/hub/session/3229414f-4ff7-45b5-afeb-98db8c659cb9/element/00000000-0000-01d4-ffff-ffff0000007b/location[39m
[38;5;0m[HTTP][0m {}
[38;5;48m[AndroidUiautomator2Driver@c652 (3229414f)][0m Driver proxy active, passing request on via HTTP proxy
[38;5;48m[AndroidUiautomator2Driver@c652 (3229414f)][0m Replacing sessionId 149f91b1-08fa-4398-a142-d6965fd6b188 with 3229414f-4ff7-45b5-afeb-98db8c659cb9
[38;5;0m[HTTP][0m <-- GET /wd/hub/session/3229414f-4ff7-45b5-afeb-98db8c659cb9/element/00000000-0000-01d4-ffff-ffff0000007b/location 200 15 ms - 77
[38;5;0m[HTTP][0m 
[38;5;0m[HTTP][0m [37m-->[39m [37mPOST[39m [37m/wd/hub/session/3229414f-4ff7-45b5-afeb-98db8c659cb9/timeouts[39m
[38;5;0m[HTTP][0m {"implicit":30000}
[38;5;0m[HTTP][0m <-- POST /wd/hub/session/3229414f-4ff7-45b5-afeb-98db8c659cb9/timeouts 200 1 ms - 14
[38;5;0m[HTTP][0m 
[38;5;0m[HTTP][0m [37m-->[39m [37mPOST[39m [37m/wd/hub/session/3229414f-4ff7-45b5-afeb-98db8c659cb9/element/00000000-0000-01d4-ffff-ffff0000007b/clear[39m
[38;5;0m[HTTP][0m {"id":"00000000-0000-01d4-ffff-ffff0000007b"}
[38;5;0m[HTTP][0m <-- POST /wd/hub/session/3229414f-4ff7-45b5-afeb-98db8c659cb9/element/00000000-0000-01d4-ffff-ffff0000007b/clear 200 15 ms - 14
[38;5;0m[HTTP][0m 
[38;5;0m[HTTP][0m [37m-->[39m [37mPOST[39m [37m/wd/hub/session/3229414f-4ff7-45b5-afeb-98db8c659cb9/element/00000000-0000-01d4-ffff-ffff0000007b/click[39m
[38;5;0m[HTTP][0m {"id":"00000000-0000-01d4-ffff-ffff0000007b"}
[38;5;0m[HTTP][0m <-- POST /wd/hub/session/3229414f-4ff7-45b5-afeb-98db8c659cb9/element/00000000-0000-01d4-ffff-ffff0000007b/click 200 564 ms - 14
[38;5;0m[HTTP][0m 
[38;5;0m[HTTP][0m [37m-->[39m [37mPOST[39m [37m/wd/hub/session/3229414f-4ff7-45b5-afeb-98db8c659cb9/element/00000000-0000-01d4-ffff-ffff0000007b/value[39m
[38;5;0m[HTTP][0m {"id":"00000000-0000-01d4-ffff-ffff0000007b","text":"P@ssw0rd","value":["P","@","s","s","w","0","r","d"]}
[38;5;0m[HTTP][0m <-- POST /wd/hub/session/3229414f-4ff7-45b5-afeb-98db8c659cb9/element/00000000-0000-01d4-ffff-ffff0000007b/value 200 658 ms - 14
[38;5;0m[HTTP][0m 
[38;5;0m[HTTP][0m [37m-->[39m [37mPOST[39m [37m/wd/hub/session/3229414f-4ff7-45b5-afeb-98db8c659cb9/timeouts[39m
[38;5;0m[HTTP][0m {"implicit":50}
[38;5;0m[HTTP][0m <-- POST /wd/hub/session/3229414f-4ff7-45b5-afeb-98db8c659cb9/timeouts 200 1 ms - 14
[38;5;0m[HTTP][0m 
[38;5;0m[HTTP][0m [37m-->[39m [37mGET[39m [37m/wd/hub/session/3229414f-4ff7-45b5-afeb-98db8c659cb9/window/rect[39m
[38;5;0m[HTTP][0m {}
[38;5;0m[HTTP][0m <-- GET /wd/hub/session/3229414f-4ff7-45b5-afeb-98db8c659cb9/window/rect 200 41 ms - 50
[38;5;0m[HTTP][0m 
[38;5;0m[HTTP][0m [37m-->[39m [37mPOST[39m [37m/wd/hub/session/3229414f-4ff7-45b5-afeb-98db8c659cb9/elements[39m
[38;5;0m[HTTP][0m {"using":"xpath","value":"//*[@class = 'android.widget.Button' and (@text = 'LOGIN' or . = 'LOGIN') and @resource-id = 'com.Advantage.aShopping:id/buttonLogin']"}
[38;5;0m[HTTP][0m <-- POST /wd/hub/session/3229414f-4ff7-45b5-afeb-98db8c659cb9/elements 200 560 ms - 139
[38;5;0m[HTTP][0m 
[38;5;0m[HTTP][0m [37m-->[39m [37mGET[39m [37m/wd/hub/session/3229414f-4ff7-45b5-afeb-98db8c659cb9/element/00000000-0000-01d4-ffff-ffff00000081/location[39m
[38;5;0m[HTTP][0m {}
[38;5;48m[AndroidUiautomator2Driver@c652 (3229414f)][0m Driver proxy active, passing request on via HTTP proxy
[38;5;48m[AndroidUiautomator2Driver@c652 (3229414f)][0m Replacing sessionId 149f91b1-08fa-4398-a142-d6965fd6b188 with 3229414f-4ff7-45b5-afeb-98db8c659cb9
[38;5;0m[HTTP][0m <-- GET /wd/hub/session/3229414f-4ff7-45b5-afeb-98db8c659cb9/element/00000000-0000-01d4-ffff-ffff00000081/location 200 11 ms - 77
[38;5;0m[HTTP][0m 
[38;5;0m[HTTP][0m [37m-->[39m [37mPOST[39m [37m/wd/hub/session/3229414f-4ff7-45b5-afeb-98db8c659cb9/timeouts[39m
[38;5;0m[HTTP][0m {"implicit":30000}
[38;5;0m[HTTP][0m <-- POST /wd/hub/session/3229414f-4ff7-45b5-afeb-98db8c659cb9/timeouts 200 1 ms - 14
[38;5;0m[HTTP][0m 
[38;5;0m[HTTP][0m [37m-->[39m [37mPOST[39m [37m/wd/hub/session/3229414f-4ff7-45b5-afeb-98db8c659cb9/element/00000000-0000-01d4-ffff-ffff00000081/click[39m
[38;5;0m[HTTP][0m {"id":"00000000-0000-01d4-ffff-ffff00000081"}
[38;5;0m[HTTP][0m <-- POST /wd/hub/session/3229414f-4ff7-45b5-afeb-98db8c659cb9/element/00000000-0000-01d4-ffff-ffff00000081/click 200 795 ms - 14
[38;5;0m[HTTP][0m 
[38;5;0m[HTTP][0m [37m-->[39m [37mPOST[39m [37m/wd/hub/session/3229414f-4ff7-45b5-afeb-98db8c659cb9/timeouts[39m
[38;5;0m[HTTP][0m {"implicit":50}
[38;5;0m[HTTP][0m <-- POST /wd/hub/session/3229414f-4ff7-45b5-afeb-98db8c659cb9/timeouts 200 8 ms - 14
[38;5;0m[HTTP][0m 
[38;5;0m[HTTP][0m [37m-->[39m [37mGET[39m [37m/wd/hub/session/3229414f-4ff7-45b5-afeb-98db8c659cb9/window/rect[39m
[38;5;0m[HTTP][0m {}
[38;5;0m[HTTP][0m <-- GET /wd/hub/session/3229414f-4ff7-45b5-afeb-98db8c659cb9/window/rect 200 16 ms - 50
[38;5;0m[HTTP][0m 
[38;5;0m[HTTP][0m [37m-->[39m [37mPOST[39m [37m/wd/hub/session/3229414f-4ff7-45b5-afeb-98db8c659cb9/elements[39m
[38;5;0m[HTTP][0m {"using":"xpath","value":"//*[@class = 'android.widget.Button' and (@text = 'NO' or . = 'NO') and @resource-id = 'android:id/button2']"}
[38;5;0m[HTTP][0m <-- POST /wd/hub/session/3229414f-4ff7-45b5-afeb-98db8c659cb9/elements 200 88 ms - 12
[38;5;0m[HTTP][0m 
[38;5;0m[HTTP][0m [37m-->[39m [37mPOST[39m [37m/wd/hub/session/3229414f-4ff7-45b5-afeb-98db8c659cb9/elements[39m
[38;5;0m[HTTP][0m {"using":"xpath","value":"//*[@class = 'android.widget.Button' and (@text = 'NO' or . = 'NO') and @resource-id = 'android:id/button2']"}
[38;5;0m[HTTP][0m <-- POST /wd/hub/session/3229414f-4ff7-45b5-afeb-98db8c659cb9/elements 200 89 ms - 12
[38;5;0m[HTTP][0m 
[38;5;0m[HTTP][0m [37m-->[39m [37mPOST[39m [37m/wd/hub/session/3229414f-4ff7-45b5-afeb-98db8c659cb9/elements[39m
[38;5;0m[HTTP][0m {"using":"xpath","value":"//*[@class = 'android.widget.Button' and (@text = 'NO' or . = 'NO') and @resource-id = 'android:id/button2']"}
[38;5;0m[HTTP][0m <-- POST /wd/hub/session/3229414f-4ff7-45b5-afeb-98db8c659cb9/elements 200 127 ms - 12
[38;5;0m[HTTP][0m 
[38;5;0m[HTTP][0m [37m-->[39m [37mPOST[39m [37m/wd/hub/session/3229414f-4ff7-45b5-afeb-98db8c659cb9/elements[39m
[38;5;0m[HTTP][0m {"using":"xpath","value":"//*[@class = 'android.widget.Button' and (@text = 'NO' or . = 'NO') and @resource-id = 'android:id/button2']"}
[38;5;0m[HTTP][0m <-- POST /wd/hub/session/3229414f-4ff7-45b5-afeb-98db8c659cb9/elements 200 130 ms - 12
[38;5;0m[HTTP][0m 
[38;5;0m[HTTP][0m [37m-->[39m [37mPOST[39m [37m/wd/hub/session/3229414f-4ff7-45b5-afeb-98db8c659cb9/elements[39m
[38;5;0m[HTTP][0m {"using":"xpath","value":"//*[@class = 'android.widget.Button' and (@text = 'NO' or . = 'NO') and @resource-id = 'android:id/button2']"}
[38;5;0m[HTTP][0m <-- POST /wd/hub/session/3229414f-4ff7-45b5-afeb-98db8c659cb9/elements 200 71 ms - 12
[38;5;0m[HTTP][0m 
[38;5;0m[HTTP][0m [37m-->[39m [37mPOST[39m [37m/wd/hub/session/3229414f-4ff7-45b5-afeb-98db8c659cb9/elements[39m
[38;5;0m[HTTP][0m {"using":"xpath","value":"//*[@class = 'android.widget.Button' and (@text = 'NO' or . = 'NO') and @resource-id = 'android:id/button2']"}
[38;5;0m[HTTP][0m <-- POST /wd/hub/session/3229414f-4ff7-45b5-afeb-98db8c659cb9/elements 200 66 ms - 12
[38;5;0m[HTTP][0m 
[38;5;0m[HTTP][0m [37m-->[39m [37mPOST[39m [37m/wd/hub/session/3229414f-4ff7-45b5-afeb-98db8c659cb9/elements[39m
[38;5;0m[HTTP][0m {"using":"xpath","value":"//*[@class = 'android.widget.Button' and (@text = 'NO' or . = 'NO') and @resource-id = 'android:id/button2']"}
[38;5;0m[HTTP][0m <-- POST /wd/hub/session/3229414f-4ff7-45b5-afeb-98db8c659cb9/elements 200 61 ms - 12
[38;5;0m[HTTP][0m 
[38;5;0m[HTTP][0m [37m-->[39m [37mPOST[39m [37m/wd/hub/session/3229414f-4ff7-45b5-afeb-98db8c659cb9/elements[39m
[38;5;0m[HTTP][0m {"using":"xpath","value":"//*[@class = 'android.widget.Button' and (@text = 'NO' or . = 'NO') and @resource-id = 'android:id/button2']"}
[38;5;0m[HTTP][0m <-- POST /wd/hub/session/3229414f-4ff7-45b5-afeb-98db8c659cb9/elements 200 61 ms - 12
[38;5;0m[HTTP][0m 
[38;5;0m[HTTP][0m [37m-->[39m [37mPOST[39m [37m/wd/hub/session/3229414f-4ff7-45b5-afeb-98db8c659cb9/elements[39m
[38;5;0m[HTTP][0m {"using":"xpath","value":"//*[@class = 'android.widget.Button' and (@text = 'NO' or . = 'NO') and @resource-id = 'android:id/button2']"}
[38;5;0m[HTTP][0m <-- POST /wd/hub/session/3229414f-4ff7-45b5-afeb-98db8c659cb9/elements 200 62 ms - 12
[38;5;0m[HTTP][0m 
[38;5;0m[HTTP][0m [37m-->[39m [37mPOST[39m [37m/wd/hub/session/3229414f-4ff7-45b5-afeb-98db8c659cb9/elements[39m
[38;5;0m[HTTP][0m {"using":"xpath","value":"//*[@class = 'android.widget.Button' and (@text = 'NO' or . = 'NO') and @resource-id = 'android:id/button2']"}
[38;5;0m[HTTP][0m <-- POST /wd/hub/session/3229414f-4ff7-45b5-afeb-98db8c659cb9/elements 200 61 ms - 12
[38;5;0m[HTTP][0m 
[38;5;0m[HTTP][0m [37m-->[39m [37mPOST[39m [37m/wd/hub/session/3229414f-4ff7-45b5-afeb-98db8c659cb9/elements[39m
[38;5;0m[HTTP][0m {"using":"xpath","value":"//*[@class = 'android.widget.Button' and (@text = 'NO' or . = 'NO') and @resource-id = 'android:id/button2']"}
[38;5;0m[HTTP][0m <-- POST /wd/hub/session/3229414f-4ff7-45b5-afeb-98db8c659cb9/elements 200 263 ms - 12
[38;5;0m[HTTP][0m 
[38;5;0m[HTTP][0m [37m-->[39m [37mPOST[39m [37m/wd/hub/session/3229414f-4ff7-45b5-afeb-98db8c659cb9/elements[39m
[38;5;0m[HTTP][0m {"using":"xpath","value":"//*[@class = 'android.widget.Button' and (@text = 'NO' or . = 'NO') and @resource-id = 'android:id/button2']"}
[38;5;0m[HTTP][0m <-- POST /wd/hub/session/3229414f-4ff7-45b5-afeb-98db8c659cb9/elements 200 58 ms - 12
[38;5;0m[HTTP][0m 
[38;5;0m[HTTP][0m [37m-->[39m [37mPOST[39m [37m/wd/hub/session/3229414f-4ff7-45b5-afeb-98db8c659cb9/elements[39m
[38;5;0m[HTTP][0m {"using":"xpath","value":"//*[@class = 'android.widget.Button' and (@text = 'NO' or . = 'NO') and @resource-id = 'android:id/button2']"}
[38;5;0m[HTTP][0m <-- POST /wd/hub/session/3229414f-4ff7-45b5-afeb-98db8c659cb9/elements 200 100 ms - 12
[38;5;0m[HTTP][0m 
[38;5;0m[HTTP][0m [37m-->[39m [37mPOST[39m [37m/wd/hub/session/3229414f-4ff7-45b5-afeb-98db8c659cb9/elements[39m
[38;5;0m[HTTP][0m {"using":"xpath","value":"//*[@class = 'android.widget.Button' and (@text = 'NO' or . = 'NO') and @resource-id = 'android:id/button2']"}
[38;5;0m[HTTP][0m <-- POST /wd/hub/session/3229414f-4ff7-45b5-afeb-98db8c659cb9/elements 200 69 ms - 12
[38;5;0m[HTTP][0m 
[38;5;0m[HTTP][0m [37m-->[39m [37mPOST[39m [37m/wd/hub/session/3229414f-4ff7-45b5-afeb-98db8c659cb9/elements[39m
[38;5;0m[HTTP][0m {"using":"xpath","value":"//*[@class = 'android.widget.Button' and (@text = 'NO' or . = 'NO') and @resource-id = 'android:id/button2']"}
[38;5;0m[HTTP][0m <-- POST /wd/hub/session/3229414f-4ff7-45b5-afeb-98db8c659cb9/elements 200 60 ms - 12
[38;5;0m[HTTP][0m 
[38;5;0m[HTTP][0m [37m-->[39m [37mPOST[39m [37m/wd/hub/session/3229414f-4ff7-45b5-afeb-98db8c659cb9/elements[39m
[38;5;0m[HTTP][0m {"using":"xpath","value":"//*[@class = 'android.widget.Button' and (@text = 'NO' or . = 'NO') and @resource-id = 'android:id/button2']"}
[38;5;0m[HTTP][0m <-- POST /wd/hub/session/3229414f-4ff7-45b5-afeb-98db8c659cb9/elements 200 53 ms - 12
[38;5;0m[HTTP][0m 
[38;5;0m[HTTP][0m [37m-->[39m [37mPOST[39m [37m/wd/hub/session/3229414f-4ff7-45b5-afeb-98db8c659cb9/elements[39m
[38;5;0m[HTTP][0m {"using":"xpath","value":"//*[@class = 'android.widget.Button' and (@text = 'NO' or . = 'NO') and @resource-id = 'android:id/button2']"}
[38;5;0m[HTTP][0m <-- POST /wd/hub/session/3229414f-4ff7-45b5-afeb-98db8c659cb9/elements 200 107 ms - 12
[38;5;0m[HTTP][0m 
[38;5;0m[HTTP][0m [37m-->[39m [37mPOST[39m [37m/wd/hub/session/3229414f-4ff7-45b5-afeb-98db8c659cb9/elements[39m
[38;5;0m[HTTP][0m {"using":"xpath","value":"//*[@class = 'android.widget.Button' and (@text = 'NO' or . = 'NO') and @resource-id = 'android:id/button2']"}
[38;5;0m[HTTP][0m <-- POST /wd/hub/session/3229414f-4ff7-45b5-afeb-98db8c659cb9/elements 200 230 ms - 12
[38;5;0m[HTTP][0m 
[38;5;0m[HTTP][0m [37m-->[39m [37mPOST[39m [37m/wd/hub/session/3229414f-4ff7-45b5-afeb-98db8c659cb9/elements[39m
[38;5;0m[HTTP][0m {"using":"xpath","value":"//*[@class = 'android.widget.Button' and (@text = 'NO' or . = 'NO') and @resource-id = 'android:id/button2']"}
[38;5;0m[HTTP][0m <-- POST /wd/hub/session/3229414f-4ff7-45b5-afeb-98db8c659cb9/elements 200 541 ms - 139
[38;5;0m[HTTP][0m 
[38;5;0m[HTTP][0m [37m-->[39m [37mGET[39m [37m/wd/hub/session/3229414f-4ff7-45b5-afeb-98db8c659cb9/element/00000000-0000-01d6-ffff-ffff000000bb/location[39m
[38;5;0m[HTTP][0m {}
[38;5;48m[AndroidUiautomator2Driver@c652 (3229414f)][0m Driver proxy active, passing request on via HTTP proxy
[38;5;48m[AndroidUiautomator2Driver@c652 (3229414f)][0m Replacing sessionId 149f91b1-08fa-4398-a142-d6965fd6b188 with 3229414f-4ff7-45b5-afeb-98db8c659cb9
[38;5;0m[HTTP][0m <-- GET /wd/hub/session/3229414f-4ff7-45b5-afeb-98db8c659cb9/element/00000000-0000-01d6-ffff-ffff000000bb/location 200 14 ms - 79
[38;5;0m[HTTP][0m 
[38;5;0m[HTTP][0m [37m-->[39m [37mPOST[39m [37m/wd/hub/session/3229414f-4ff7-45b5-afeb-98db8c659cb9/timeouts[39m
[38;5;0m[HTTP][0m {"implicit":30000}
[38;5;0m[HTTP][0m <-- POST /wd/hub/session/3229414f-4ff7-45b5-afeb-98db8c659cb9/timeouts 200 2 ms - 14
[38;5;0m[HTTP][0m 
[38;5;0m[HTTP][0m [37m-->[39m [37mPOST[39m [37m/wd/hub/session/3229414f-4ff7-45b5-afeb-98db8c659cb9/element/00000000-0000-01d6-ffff-ffff000000bb/click[39m
[38;5;0m[HTTP][0m {"id":"00000000-0000-01d6-ffff-ffff000000bb"}
[38;5;0m[HTTP][0m <-- POST /wd/hub/session/3229414f-4ff7-45b5-afeb-98db8c659cb9/element/00000000-0000-01d6-ffff-ffff000000bb/click 200 54 ms - 14
[38;5;0m[HTTP][0m 
[38;5;0m[HTTP][0m [37m-->[39m [37mPOST[39m [37m/wd/hub/session/3229414f-4ff7-45b5-afeb-98db8c659cb9/timeouts[39m
[38;5;0m[HTTP][0m {"implicit":50}
[38;5;0m[HTTP][0m <-- POST /wd/hub/session/3229414f-4ff7-45b5-afeb-98db8c659cb9/timeouts 200 2 ms - 14
[38;5;0m[HTTP][0m 
[38;5;0m[HTTP][0m [37m-->[39m [37mGET[39m [37m/wd/hub/session/3229414f-4ff7-45b5-afeb-98db8c659cb9/window/rect[39m
[38;5;0m[HTTP][0m {}
[38;5;0m[HTTP][0m <-- GET /wd/hub/session/3229414f-4ff7-45b5-afeb-98db8c659cb9/window/rect 200 93 ms - 50
[38;5;0m[HTTP][0m 
[38;5;0m[HTTP][0m [37m-->[39m [37mPOST[39m [37m/wd/hub/session/3229414f-4ff7-45b5-afeb-98db8c659cb9/elements[39m
[38;5;0m[HTTP][0m {"using":"xpath","value":"//*[@class = 'android.widget.ImageView' and @resource-id = 'com.Advantage.aShopping:id/imageViewMenu' and (@text = '' or . = '')]"}
[38;5;0m[HTTP][0m <-- POST /wd/hub/session/3229414f-4ff7-45b5-afeb-98db8c659cb9/elements 200 1373 ms - 139
[38;5;0m[HTTP][0m 
[38;5;0m[HTTP][0m [37m-->[39m [37mGET[39m [37m/wd/hub/session/3229414f-4ff7-45b5-afeb-98db8c659cb9/element/00000000-0000-01d3-ffff-ffff00000018/location[39m
[38;5;0m[HTTP][0m {}
[38;5;48m[AndroidUiautomator2Driver@c652 (3229414f)][0m Driver proxy active, passing request on via HTTP proxy
[38;5;48m[AndroidUiautomator2Driver@c652 (3229414f)][0m Replacing sessionId 149f91b1-08fa-4398-a142-d6965fd6b188 with 3229414f-4ff7-45b5-afeb-98db8c659cb9
[38;5;0m[HTTP][0m <-- GET /wd/hub/session/3229414f-4ff7-45b5-afeb-98db8c659cb9/element/00000000-0000-01d3-ffff-ffff00000018/location 200 33 ms - 75
[38;5;0m[HTTP][0m 
[38;5;0m[HTTP][0m [37m-->[39m [37mPOST[39m [37m/wd/hub/session/3229414f-4ff7-45b5-afeb-98db8c659cb9/timeouts[39m
[38;5;0m[HTTP][0m {"implicit":30000}
[38;5;0m[HTTP][0m <-- POST /wd/hub/session/3229414f-4ff7-45b5-afeb-98db8c659cb9/timeouts 200 1 ms - 14
[38;5;0m[HTTP][0m 
[38;5;0m[HTTP][0m [37m-->[39m [37mPOST[39m [37m/wd/hub/session/3229414f-4ff7-45b5-afeb-98db8c659cb9/element/00000000-0000-01d3-ffff-ffff00000018/click[39m
[38;5;0m[HTTP][0m {"id":"00000000-0000-01d3-ffff-ffff00000018"}
[38;5;0m[HTTP][0m <-- POST /wd/hub/session/3229414f-4ff7-45b5-afeb-98db8c659cb9/element/00000000-0000-01d3-ffff-ffff00000018/click 200 72 ms - 14
[38;5;0m[HTTP][0m 
[38;5;0m[HTTP][0m [37m-->[39m [37mGET[39m [37m/wd/hub/session/3229414f-4ff7-45b5-afeb-98db8c659cb9/context[39m
[38;5;0m[HTTP][0m {}
[38;5;0m[HTTP][0m <-- GET /wd/hub/session/3229414f-4ff7-45b5-afeb-98db8c659cb9/context 200 1 ms - 22
[38;5;0m[HTTP][0m 
[38;5;0m[HTTP][0m [37m-->[39m [37mGET[39m [37m/wd/hub/session/3229414f-4ff7-45b5-afeb-98db8c659cb9/contexts[39m
[38;5;0m[HTTP][0m {}
[38;5;0m[HTTP][0m <-- GET /wd/hub/session/3229414f-4ff7-45b5-afeb-98db8c659cb9/contexts 200 321 ms - 24
[38;5;0m[HTTP][0m 
[38;5;0m[HTTP][0m [37m-->[39m [37mPOST[39m [37m/wd/hub/session/3229414f-4ff7-45b5-afeb-98db8c659cb9/context[39m
[38;5;0m[HTTP][0m {"name":"NATIVE_APP"}
[38;5;0m[HTTP][0m <-- POST /wd/hub/session/3229414f-4ff7-45b5-afeb-98db8c659cb9/context 200 1 ms - 14
[38;5;0m[HTTP][0m 
[38;5;0m[HTTP][0m [37m-->[39m [37mGET[39m [37m/wd/hub/session/3229414f-4ff7-45b5-afeb-98db8c659cb9/appium/device/current_package[39m
[38;5;0m[HTTP][0m {}
[38;5;0m[HTTP][0m <-- GET /wd/hub/session/3229414f-4ff7-45b5-afeb-98db8c659cb9/appium/device/current_package 200 65 ms - 35
[38;5;0m[HTTP][0m 
[38;5;0m[HTTP][0m [37m-->[39m [37mPOST[39m [37m/wd/hub/session/3229414f-4ff7-45b5-afeb-98db8c659cb9/appium/device/terminate_app[39m
[38;5;0m[HTTP][0m {"bundleId":"com.Advantage.aShopping"}
[38;5;48m[AndroidUiautomator2Driver@c652 (3229414f)][0m Terminating 'com.Advantage.aShopping'
[38;5;48m[AndroidUiautomator2Driver@c652 (3229414f)][0m Querying the state of 'com.Advantage.aShopping'
[38;5;48m[AndroidUiautomator2Driver@c652 (3229414f)][0m 'com.Advantage.aShopping' has been successfully terminated
[38;5;0m[HTTP][0m <-- POST /wd/hub/session/3229414f-4ff7-45b5-afeb-98db8c659cb9/appium/device/terminate_app 200 742 ms - 14
[38;5;0m[HTTP][0m 
[38;5;0m[HTTP][0m [37m-->[39m [37mPOST[39m [37m/wd/hub/session/3229414f-4ff7-45b5-afeb-98db8c659cb9/context[39m
[38;5;0m[HTTP][0m {"name":"NATIVE_APP"}
[38;5;0m[HTTP][0m <-- POST /wd/hub/session/3229414f-4ff7-45b5-afeb-98db8c659cb9/context 200 1 ms - 14
[38;5;0m[HTTP][0m 
[38;5;0m[HTTP][0m [37m-->[39m [37mDELETE[39m [37m/wd/hub/session/3229414f-4ff7-45b5-afeb-98db8c659cb9[39m
[38;5;0m[HTTP][0m {}
[38;5;16m[AppiumDriver@0ef7][0m Removing session 3229414f-4ff7-45b5-afeb-98db8c659cb9 from our master session list
[38;5;64m[ADB][0m com.Advantage.aShopping was successfully uninstalled
[38;5;48m[AndroidUiautomator2Driver@c652 (3229414f)][0m Restoring hidden api policy to the device default configuration
[38;5;0m[HTTP][0m <-- DELETE /wd/hub/session/3229414f-4ff7-45b5-afeb-98db8c659cb9 200 1206 ms - 14
[38;5;0m[HTTP][0m 
[Appium] Received SIGTERM - shutting down
[38;5;0m[HTTP][0m Waiting until the server is closed
[38;5;0m[HTTP][0m Received server close event
