[35m[Appium][39m Welcome to Appium v2.5.0
[35m[Appium][39m Non-default server args:
[35m[Appium][39m { basePath: [32m'/wd/hub'[39m, loglevel: [32m'info'[39m, port: [33m64384[39m }
[35m[Appium][39m Attempting to load driver uiautomator2...
[Appium] Appium REST http interface listener started on http://0.0.0.0:64384/wd/hub
[Appium] You can provide the following URLs in your client code to connect to this server:
[Appium] 	http://127.0.0.1:64384/wd/hub (only accessible from the same host)
[Appium] 	http://172.20.10.6:64384/wd/hub
[Appium] 	http://169.254.17.156:64384/wd/hub
[Appium] Available drivers:
[Appium]   - uiautomator2@3.0.0 (automationName 'UiAutomator2')
[Appium] No plugins have been installed. Use the "appium plugin" command to install the one(s) you want to use.
[38;5;0m[HTTP][0m [37m-->[39m [37mGET[39m [37m/wd/hub/status[39m
[38;5;0m[HTTP][0m {}
[38;5;0m[HTTP][0m <-- GET /wd/hub/status 200 2 ms - 110
[38;5;0m[HTTP][0m 
[38;5;0m[HTTP][0m [37m-->[39m [37mPOST[39m [37m/wd/hub/session[39m
[38;5;0m[HTTP][0m {"desiredCapabilities":{"appium:systemPort":64383,"appium:newCommandTimeout":1800,"appium:automationName":"uiautomator2","appium:fullReset":true,"appium:platformVersion":"14","appium:noReset":false,"appium:udid":"emulator-5554","appium:autoGrantPermissions":true,"appium:platformName":"ANDROID","appium:deviceName":"emulator-5554 (sdk_gphone64_arm64 - Android 14)","platformName":"Android","appium:app":"/Users/admin/Downloads/Advantage+demo+3.2.apk"},"capabilities":{"firstMatch":[{"appium:app":"/Users/admin/Downloads/Advantage+demo+3.2.apk","appium:autoGrantPermissions":true,"appium:automationName":"uiautomator2","appium:deviceName":"emulator-5554 (sdk_gphone64_arm64 - Android 14)","appium:fullReset":true,"appium:newCommandTimeout":1800,"appium:noReset":false,"appium:platformName":"ANDROID","appium:platformVersion":"14","appium:systemPort":64383,"appium:udid":"emulator-5554","platformName":"android"}]}}
[38;5;32m[BaseDriver][0m Ignoring capability 'appium:platformName=ANDROID' and using capability 'platformName=android'
[38;5;32m[BaseDriver][0m The capabilities ["platformName"] are standard capabilities and do not require "appium:" prefix
[Appium] Attempting to find matching driver for automationName 'uiautomator2' and platformName 'android'
[Appium] The 'uiautomator2' driver was installed and matched caps.
[Appium] Will require it at /Users/admin/.appium/node_modules/appium-uiautomator2-driver
[38;5;16m[AppiumDriver@a056][0m Appium v2.5.0 creating new AndroidUiautomator2Driver (v3.0.0) session
[38;5;16m[AppiumDriver@a056][0m Checking BaseDriver versions for Appium and AndroidUiautomator2Driver
[38;5;16m[AppiumDriver@a056][0m Appium's BaseDriver version is 9.5.1
[38;5;16m[AppiumDriver@a056][0m AndroidUiautomator2Driver's BaseDriver version is 9.5.1
[38;5;48m[AndroidUiautomator2Driver@fe2b (04ac10d2)][0m Session created with session id: 04ac10d2-871c-430d-88e8-418d3ee9a2b0
[38;5;64m[ADB][0m Found 1 'build-tools' folders under '/Users/admin/.katalon/tools/android_sdk' (newest first):
[38;5;64m[ADB][0m     /Users/admin/.katalon/tools/android_sdk/build-tools/29.0.3
[38;5;64m[ADB][0m Using 'adb' from '/Users/admin/.katalon/tools/android_sdk/platform-tools/adb'
[38;5;48m[AndroidUiautomator2Driver@fe2b (04ac10d2)][0m Retrieving device list
[38;5;48m[AndroidUiautomator2Driver@fe2b (04ac10d2)][0m Using device: emulator-5554
[38;5;64m[ADB][0m Using 'adb' from '/Users/admin/.katalon/tools/android_sdk/platform-tools/adb'
[38;5;32m[BaseDriver][0m Using local app '/Users/admin/Downloads/Advantage+demo+3.2.apk'
[38;5;64m[ADB][0m Getting device platform version
[38;5;48m[AndroidUiautomator2Driver@fe2b (04ac10d2)][0m Relaxing hidden api policy
[38;5;64m[ADB][0m Package name: 'com.Advantage.aShopping'
[38;5;64m[ADB][0m Main activity name: 'com.Advantage.aShopping.SplashActivity'
[38;5;64m[ADB][0m Using 'apksigner.jar' from '/Users/admin/.katalon/tools/android_sdk/build-tools/29.0.3/lib/apksigner.jar'
[38;5;64m[ADB][0m '/Users/admin/.appium/node_modules/appium-uiautomator2-driver/node_modules/appium-uiautomator2-server/apks/appium-uiautomator2-server-debug-androidTest.apk' is signed with the default certificate
[38;5;64m[ADB][0m '/Users/admin/Downloads/Advantage+demo+3.2.apk' is signed with a non-default certificate
[38;5;64m[ADB][0m '/Users/admin/.appium/node_modules/appium-uiautomator2-driver/node_modules/appium-uiautomator2-server/apks/appium-uiautomator2-server-v7.0.0.apk' is signed with the default certificate
[38;5;64m[ADB][0m com.Advantage.aShopping was not uninstalled, because it was not present on the device
[38;5;64m[ADB][0m The application at '/Users/admin/Downloads/Advantage+demo+3.2.apk' will not be cached, because the device under test has confirmed the support of streamed installs
[38;5;48m[AndroidUiautomator2Driver@fe2b (04ac10d2)][0m Server packages are not going to be (re)installed
[38;5;64m[ADB][0m Adding packages ["io.appium.settings","io.appium.uiautomator2.server","io.appium.uiautomator2.server.test"] to Doze whitelist
[38;5;64m[ADB][0m The installation of 'Advantage+demo+3.2.apk' took 1008ms
[38;5;48m[AndroidUiautomator2Driver@fe2b (04ac10d2)][0m Starting UIAutomator2 server 7.0.0
[38;5;48m[AndroidUiautomator2Driver@fe2b (04ac10d2)][0m Using UIAutomator2 server from '/Users/admin/.appium/node_modules/appium-uiautomator2-driver/node_modules/appium-uiautomator2-server/apks/appium-uiautomator2-server-v7.0.0.apk' and test from '/Users/admin/.appium/node_modules/appium-uiautomator2-driver/node_modules/appium-uiautomator2-server/apks/appium-uiautomator2-server-debug-androidTest.apk'
[38;5;48m[AndroidUiautomator2Driver@fe2b (04ac10d2)][0m Waiting up to 30000ms for UiAutomator2 to be online...
[38;5;48m[AndroidUiautomator2Driver@fe2b (04ac10d2)][0m socket hang up
[38;5;48m[AndroidUiautomator2Driver@fe2b (04ac10d2)][0m socket hang up
[38;5;48m[AndroidUiautomator2Driver@fe2b (04ac10d2)][0m socket hang up
[38;5;48m[AndroidUiautomator2Driver@fe2b (04ac10d2)][0m Determined the downstream protocol as 'W3C'
[38;5;48m[AndroidUiautomator2Driver@fe2b (04ac10d2)][0m Screen already unlocked, doing nothing
[38;5;48m[AndroidUiautomator2Driver@fe2b (04ac10d2)][0m Starting 'com.Advantage.aShopping/com.Advantage.aShopping.SplashActivity and waiting for 'com.Advantage.aShopping/com.Advantage.aShopping.SplashActivity'
[38;5;16m[AppiumDriver@a056][0m New AndroidUiautomator2Driver session created successfully, session 04ac10d2-871c-430d-88e8-418d3ee9a2b0 added to master session list
[38;5;0m[HTTP][0m <-- POST /wd/hub/session 200 7456 ms - 1212
[38;5;0m[HTTP][0m 
[38;5;0m[HTTP][0m [37m-->[39m [37mGET[39m [37m/wd/hub/session/04ac10d2-871c-430d-88e8-418d3ee9a2b0[39m
[38;5;0m[HTTP][0m {}
[38;5;0m[HTTP][0m <-- GET /wd/hub/session/04ac10d2-871c-430d-88e8-418d3ee9a2b0 200 26 ms - 358
[38;5;0m[HTTP][0m 
[38;5;0m[HTTP][0m [37m-->[39m [37mGET[39m [37m/wd/hub/session/04ac10d2-871c-430d-88e8-418d3ee9a2b0[39m
[38;5;0m[HTTP][0m {}
[38;5;0m[HTTP][0m <-- GET /wd/hub/session/04ac10d2-871c-430d-88e8-418d3ee9a2b0 200 9 ms - 358
[38;5;0m[HTTP][0m 
[38;5;0m[HTTP][0m [37m-->[39m [37mGET[39m [37m/wd/hub/status[39m
[38;5;0m[HTTP][0m {}
[38;5;0m[HTTP][0m <-- GET /wd/hub/status 200 1 ms - 110
[38;5;0m[HTTP][0m 
[38;5;0m[HTTP][0m [37m-->[39m [37mPOST[39m [37m/wd/hub/session/04ac10d2-871c-430d-88e8-418d3ee9a2b0/timeouts[39m
[38;5;0m[HTTP][0m {"implicit":30000}
[38;5;0m[HTTP][0m <-- POST /wd/hub/session/04ac10d2-871c-430d-88e8-418d3ee9a2b0/timeouts 200 1 ms - 14
[38;5;0m[HTTP][0m 
[38;5;0m[HTTP][0m [37m-->[39m [37mGET[39m [37m/wd/hub/session/04ac10d2-871c-430d-88e8-418d3ee9a2b0/appium/device/system_bars[39m
[38;5;0m[HTTP][0m {}
[38;5;0m[HTTP][0m <-- GET /wd/hub/session/04ac10d2-871c-430d-88e8-418d3ee9a2b0/appium/device/system_bars 200 101 ms - 151
[38;5;0m[HTTP][0m 
[38;5;0m[HTTP][0m [37m-->[39m [37mPOST[39m [37m/wd/hub/session/04ac10d2-871c-430d-88e8-418d3ee9a2b0/timeouts[39m
[38;5;0m[HTTP][0m {"implicit":50}
[38;5;0m[HTTP][0m <-- POST /wd/hub/session/04ac10d2-871c-430d-88e8-418d3ee9a2b0/timeouts 200 1 ms - 14
[38;5;0m[HTTP][0m 
[38;5;0m[HTTP][0m [37m-->[39m [37mGET[39m [37m/wd/hub/session/04ac10d2-871c-430d-88e8-418d3ee9a2b0/window/rect[39m
[38;5;0m[HTTP][0m {}
[38;5;0m[HTTP][0m <-- GET /wd/hub/session/04ac10d2-871c-430d-88e8-418d3ee9a2b0/window/rect 200 9 ms - 50
[38;5;0m[HTTP][0m 
[38;5;0m[HTTP][0m [37m-->[39m [37mPOST[39m [37m/wd/hub/session/04ac10d2-871c-430d-88e8-418d3ee9a2b0/elements[39m
[38;5;0m[HTTP][0m {"using":"xpath","value":"//*[@class = 'android.widget.ImageView' and @resource-id = 'com.Advantage.aShopping:id/imageViewMenu' and (@text = '' or . = '')]"}
[38;5;0m[HTTP][0m <-- POST /wd/hub/session/04ac10d2-871c-430d-88e8-418d3ee9a2b0/elements 200 1009 ms - 12
[38;5;0m[HTTP][0m 
[38;5;0m[HTTP][0m [37m-->[39m [37mPOST[39m [37m/wd/hub/session/04ac10d2-871c-430d-88e8-418d3ee9a2b0/elements[39m
[38;5;0m[HTTP][0m {"using":"xpath","value":"//*[@class = 'android.widget.ImageView' and @resource-id = 'com.Advantage.aShopping:id/imageViewMenu' and (@text = '' or . = '')]"}
[38;5;0m[HTTP][0m <-- POST /wd/hub/session/04ac10d2-871c-430d-88e8-418d3ee9a2b0/elements 200 54 ms - 12
[38;5;0m[HTTP][0m 
[38;5;0m[HTTP][0m [37m-->[39m [37mPOST[39m [37m/wd/hub/session/04ac10d2-871c-430d-88e8-418d3ee9a2b0/elements[39m
[38;5;0m[HTTP][0m {"using":"xpath","value":"//*[@class = 'android.widget.ImageView' and @resource-id = 'com.Advantage.aShopping:id/imageViewMenu' and (@text = '' or . = '')]"}
[38;5;0m[HTTP][0m <-- POST /wd/hub/session/04ac10d2-871c-430d-88e8-418d3ee9a2b0/elements 200 102 ms - 12
[38;5;0m[HTTP][0m 
[38;5;0m[HTTP][0m [37m-->[39m [37mPOST[39m [37m/wd/hub/session/04ac10d2-871c-430d-88e8-418d3ee9a2b0/elements[39m
[38;5;0m[HTTP][0m {"using":"xpath","value":"//*[@class = 'android.widget.ImageView' and @resource-id = 'com.Advantage.aShopping:id/imageViewMenu' and (@text = '' or . = '')]"}
[38;5;0m[HTTP][0m <-- POST /wd/hub/session/04ac10d2-871c-430d-88e8-418d3ee9a2b0/elements 200 95 ms - 12
[38;5;0m[HTTP][0m 
[38;5;0m[HTTP][0m [37m-->[39m [37mPOST[39m [37m/wd/hub/session/04ac10d2-871c-430d-88e8-418d3ee9a2b0/elements[39m
[38;5;0m[HTTP][0m {"using":"xpath","value":"//*[@class = 'android.widget.ImageView' and @resource-id = 'com.Advantage.aShopping:id/imageViewMenu' and (@text = '' or . = '')]"}
[38;5;0m[HTTP][0m <-- POST /wd/hub/session/04ac10d2-871c-430d-88e8-418d3ee9a2b0/elements 200 92 ms - 12
[38;5;0m[HTTP][0m 
[38;5;0m[HTTP][0m [37m-->[39m [37mPOST[39m [37m/wd/hub/session/04ac10d2-871c-430d-88e8-418d3ee9a2b0/elements[39m
[38;5;0m[HTTP][0m {"using":"xpath","value":"//*[@class = 'android.widget.ImageView' and @resource-id = 'com.Advantage.aShopping:id/imageViewMenu' and (@text = '' or . = '')]"}
[38;5;0m[HTTP][0m <-- POST /wd/hub/session/04ac10d2-871c-430d-88e8-418d3ee9a2b0/elements 200 94 ms - 12
[38;5;0m[HTTP][0m 
[38;5;0m[HTTP][0m [37m-->[39m [37mPOST[39m [37m/wd/hub/session/04ac10d2-871c-430d-88e8-418d3ee9a2b0/elements[39m
[38;5;0m[HTTP][0m {"using":"xpath","value":"//*[@class = 'android.widget.ImageView' and @resource-id = 'com.Advantage.aShopping:id/imageViewMenu' and (@text = '' or . = '')]"}
[38;5;0m[HTTP][0m <-- POST /wd/hub/session/04ac10d2-871c-430d-88e8-418d3ee9a2b0/elements 200 104 ms - 12
[38;5;0m[HTTP][0m 
[38;5;0m[HTTP][0m [37m-->[39m [37mPOST[39m [37m/wd/hub/session/04ac10d2-871c-430d-88e8-418d3ee9a2b0/elements[39m
[38;5;0m[HTTP][0m {"using":"xpath","value":"//*[@class = 'android.widget.ImageView' and @resource-id = 'com.Advantage.aShopping:id/imageViewMenu' and (@text = '' or . = '')]"}
[38;5;0m[HTTP][0m <-- POST /wd/hub/session/04ac10d2-871c-430d-88e8-418d3ee9a2b0/elements 200 107 ms - 12
[38;5;0m[HTTP][0m 
[38;5;0m[HTTP][0m [37m-->[39m [37mPOST[39m [37m/wd/hub/session/04ac10d2-871c-430d-88e8-418d3ee9a2b0/elements[39m
[38;5;0m[HTTP][0m {"using":"xpath","value":"//*[@class = 'android.widget.ImageView' and @resource-id = 'com.Advantage.aShopping:id/imageViewMenu' and (@text = '' or . = '')]"}
[38;5;0m[HTTP][0m <-- POST /wd/hub/session/04ac10d2-871c-430d-88e8-418d3ee9a2b0/elements 200 91 ms - 12
[38;5;0m[HTTP][0m 
[38;5;0m[HTTP][0m [37m-->[39m [37mPOST[39m [37m/wd/hub/session/04ac10d2-871c-430d-88e8-418d3ee9a2b0/elements[39m
[38;5;0m[HTTP][0m {"using":"xpath","value":"//*[@class = 'android.widget.ImageView' and @resource-id = 'com.Advantage.aShopping:id/imageViewMenu' and (@text = '' or . = '')]"}
[38;5;0m[HTTP][0m <-- POST /wd/hub/session/04ac10d2-871c-430d-88e8-418d3ee9a2b0/elements 200 101 ms - 12
[38;5;0m[HTTP][0m 
[38;5;0m[HTTP][0m [37m-->[39m [37mPOST[39m [37m/wd/hub/session/04ac10d2-871c-430d-88e8-418d3ee9a2b0/elements[39m
[38;5;0m[HTTP][0m {"using":"xpath","value":"//*[@class = 'android.widget.ImageView' and @resource-id = 'com.Advantage.aShopping:id/imageViewMenu' and (@text = '' or . = '')]"}
[38;5;0m[HTTP][0m <-- POST /wd/hub/session/04ac10d2-871c-430d-88e8-418d3ee9a2b0/elements 200 92 ms - 12
[38;5;0m[HTTP][0m 
[38;5;0m[HTTP][0m [37m-->[39m [37mPOST[39m [37m/wd/hub/session/04ac10d2-871c-430d-88e8-418d3ee9a2b0/elements[39m
[38;5;0m[HTTP][0m {"using":"xpath","value":"//*[@class = 'android.widget.ImageView' and @resource-id = 'com.Advantage.aShopping:id/imageViewMenu' and (@text = '' or . = '')]"}
[38;5;0m[HTTP][0m <-- POST /wd/hub/session/04ac10d2-871c-430d-88e8-418d3ee9a2b0/elements 200 94 ms - 12
[38;5;0m[HTTP][0m 
[38;5;0m[HTTP][0m [37m-->[39m [37mPOST[39m [37m/wd/hub/session/04ac10d2-871c-430d-88e8-418d3ee9a2b0/elements[39m
[38;5;0m[HTTP][0m {"using":"xpath","value":"//*[@class = 'android.widget.ImageView' and @resource-id = 'com.Advantage.aShopping:id/imageViewMenu' and (@text = '' or . = '')]"}
[38;5;0m[HTTP][0m <-- POST /wd/hub/session/04ac10d2-871c-430d-88e8-418d3ee9a2b0/elements 200 93 ms - 12
[38;5;0m[HTTP][0m 
[38;5;0m[HTTP][0m [37m-->[39m [37mPOST[39m [37m/wd/hub/session/04ac10d2-871c-430d-88e8-418d3ee9a2b0/elements[39m
[38;5;0m[HTTP][0m {"using":"xpath","value":"//*[@class = 'android.widget.ImageView' and @resource-id = 'com.Advantage.aShopping:id/imageViewMenu' and (@text = '' or . = '')]"}
[38;5;0m[HTTP][0m <-- POST /wd/hub/session/04ac10d2-871c-430d-88e8-418d3ee9a2b0/elements 200 59 ms - 12
[38;5;0m[HTTP][0m 
[38;5;0m[HTTP][0m [37m-->[39m [37mPOST[39m [37m/wd/hub/session/04ac10d2-871c-430d-88e8-418d3ee9a2b0/elements[39m
[38;5;0m[HTTP][0m {"using":"xpath","value":"//*[@class = 'android.widget.ImageView' and @resource-id = 'com.Advantage.aShopping:id/imageViewMenu' and (@text = '' or . = '')]"}
[38;5;0m[HTTP][0m <-- POST /wd/hub/session/04ac10d2-871c-430d-88e8-418d3ee9a2b0/elements 200 411 ms - 12
[38;5;0m[HTTP][0m 
[38;5;0m[HTTP][0m [37m-->[39m [37mPOST[39m [37m/wd/hub/session/04ac10d2-871c-430d-88e8-418d3ee9a2b0/elements[39m
[38;5;0m[HTTP][0m {"using":"xpath","value":"//*[@class = 'android.widget.ImageView' and @resource-id = 'com.Advantage.aShopping:id/imageViewMenu' and (@text = '' or . = '')]"}
[38;5;0m[HTTP][0m <-- POST /wd/hub/session/04ac10d2-871c-430d-88e8-418d3ee9a2b0/elements 200 1198 ms - 139
[38;5;0m[HTTP][0m 
[38;5;0m[HTTP][0m [37m-->[39m [37mGET[39m [37m/wd/hub/session/04ac10d2-871c-430d-88e8-418d3ee9a2b0/element/00000000-0000-01f2-ffff-ffff00000018/location[39m
[38;5;0m[HTTP][0m {}
[38;5;48m[AndroidUiautomator2Driver@fe2b (04ac10d2)][0m Driver proxy active, passing request on via HTTP proxy
[38;5;48m[AndroidUiautomator2Driver@fe2b (04ac10d2)][0m Replacing sessionId 258d34a9-678e-433e-91a3-f8056a15920c with 04ac10d2-871c-430d-88e8-418d3ee9a2b0
[38;5;0m[HTTP][0m <-- GET /wd/hub/session/04ac10d2-871c-430d-88e8-418d3ee9a2b0/element/00000000-0000-01f2-ffff-ffff00000018/location 200 22 ms - 75
[38;5;0m[HTTP][0m 
[38;5;0m[HTTP][0m [37m-->[39m [37mPOST[39m [37m/wd/hub/session/04ac10d2-871c-430d-88e8-418d3ee9a2b0/timeouts[39m
[38;5;0m[HTTP][0m {"implicit":30000}
[38;5;0m[HTTP][0m <-- POST /wd/hub/session/04ac10d2-871c-430d-88e8-418d3ee9a2b0/timeouts 200 1 ms - 14
[38;5;0m[HTTP][0m 
[38;5;0m[HTTP][0m [37m-->[39m [37mPOST[39m [37m/wd/hub/session/04ac10d2-871c-430d-88e8-418d3ee9a2b0/element/00000000-0000-01f2-ffff-ffff00000018/click[39m
[38;5;0m[HTTP][0m {"id":"00000000-0000-01f2-ffff-ffff00000018"}
[38;5;0m[HTTP][0m <-- POST /wd/hub/session/04ac10d2-871c-430d-88e8-418d3ee9a2b0/element/00000000-0000-01f2-ffff-ffff00000018/click 200 983 ms - 14
[38;5;0m[HTTP][0m 
[38;5;0m[HTTP][0m [37m-->[39m [37mPOST[39m [37m/wd/hub/session/04ac10d2-871c-430d-88e8-418d3ee9a2b0/timeouts[39m
[38;5;0m[HTTP][0m {"implicit":50}
[38;5;0m[HTTP][0m <-- POST /wd/hub/session/04ac10d2-871c-430d-88e8-418d3ee9a2b0/timeouts 200 1 ms - 14
[38;5;0m[HTTP][0m 
[38;5;0m[HTTP][0m [37m-->[39m [37mGET[39m [37m/wd/hub/session/04ac10d2-871c-430d-88e8-418d3ee9a2b0/window/rect[39m
[38;5;0m[HTTP][0m {}
[38;5;0m[HTTP][0m <-- GET /wd/hub/session/04ac10d2-871c-430d-88e8-418d3ee9a2b0/window/rect 200 31 ms - 50
[38;5;0m[HTTP][0m 
[38;5;0m[HTTP][0m [37m-->[39m [37mPOST[39m [37m/wd/hub/session/04ac10d2-871c-430d-88e8-418d3ee9a2b0/elements[39m
[38;5;0m[HTTP][0m {"using":"xpath","value":"//hierarchy/android.widget.FrameLayout[1]/android.widget.LinearLayout[1]/android.widget.FrameLayout[1]/android.widget.LinearLayout[1]/android.widget.FrameLayout[1]/androidx.drawerlayout.widget.DrawerLayout[1]/android.widget.FrameLayout[1]/androidx.recyclerview.widget.RecyclerView[1]/android.widget.LinearLayout[1]/android.widget.LinearLayout[1]/android.widget.LinearLayout[1]/android.widget.LinearLayout[1]/android.widget.LinearLayout[1]"}
[38;5;0m[HTTP][0m <-- POST /wd/hub/session/04ac10d2-871c-430d-88e8-418d3ee9a2b0/elements 200 239 ms - 139
[38;5;0m[HTTP][0m 
[38;5;0m[HTTP][0m [37m-->[39m [37mGET[39m [37m/wd/hub/session/04ac10d2-871c-430d-88e8-418d3ee9a2b0/element/00000000-0000-01f2-ffff-ffff00000040/location[39m
[38;5;0m[HTTP][0m {}
[38;5;48m[AndroidUiautomator2Driver@fe2b (04ac10d2)][0m Driver proxy active, passing request on via HTTP proxy
[38;5;48m[AndroidUiautomator2Driver@fe2b (04ac10d2)][0m Replacing sessionId 258d34a9-678e-433e-91a3-f8056a15920c with 04ac10d2-871c-430d-88e8-418d3ee9a2b0
[38;5;0m[HTTP][0m <-- GET /wd/hub/session/04ac10d2-871c-430d-88e8-418d3ee9a2b0/element/00000000-0000-01f2-ffff-ffff00000040/location 200 21 ms - 78
[38;5;0m[HTTP][0m 
[38;5;0m[HTTP][0m [37m-->[39m [37mPOST[39m [37m/wd/hub/session/04ac10d2-871c-430d-88e8-418d3ee9a2b0/timeouts[39m
[38;5;0m[HTTP][0m {"implicit":30000}
[38;5;0m[HTTP][0m <-- POST /wd/hub/session/04ac10d2-871c-430d-88e8-418d3ee9a2b0/timeouts 200 0 ms - 14
[38;5;0m[HTTP][0m 
[38;5;0m[HTTP][0m [37m-->[39m [37mPOST[39m [37m/wd/hub/session/04ac10d2-871c-430d-88e8-418d3ee9a2b0/element/00000000-0000-01f2-ffff-ffff00000040/click[39m
[38;5;0m[HTTP][0m {"id":"00000000-0000-01f2-ffff-ffff00000040"}
[38;5;0m[HTTP][0m <-- POST /wd/hub/session/04ac10d2-871c-430d-88e8-418d3ee9a2b0/element/00000000-0000-01f2-ffff-ffff00000040/click 200 99 ms - 14
[38;5;0m[HTTP][0m 
[38;5;0m[HTTP][0m [37m-->[39m [37mPOST[39m [37m/wd/hub/session/04ac10d2-871c-430d-88e8-418d3ee9a2b0/timeouts[39m
[38;5;0m[HTTP][0m {"implicit":50}
[38;5;0m[HTTP][0m <-- POST /wd/hub/session/04ac10d2-871c-430d-88e8-418d3ee9a2b0/timeouts 200 1 ms - 14
[38;5;0m[HTTP][0m 
[38;5;0m[HTTP][0m [37m-->[39m [37mGET[39m [37m/wd/hub/session/04ac10d2-871c-430d-88e8-418d3ee9a2b0/window/rect[39m
[38;5;0m[HTTP][0m {}
[38;5;0m[HTTP][0m <-- GET /wd/hub/session/04ac10d2-871c-430d-88e8-418d3ee9a2b0/window/rect 200 36 ms - 50
[38;5;0m[HTTP][0m 
[38;5;0m[HTTP][0m [37m-->[39m [37mPOST[39m [37m/wd/hub/session/04ac10d2-871c-430d-88e8-418d3ee9a2b0/elements[39m
[38;5;0m[HTTP][0m {"using":"xpath","value":"//hierarchy/android.widget.FrameLayout[1]/android.widget.LinearLayout[1]/android.widget.FrameLayout[1]/android.widget.LinearLayout[1]/android.widget.FrameLayout[1]/android.widget.RelativeLayout[1]/android.widget.LinearLayout[2]/android.widget.RelativeLayout[3]/android.widget.EditText[1]"}
[38;5;0m[HTTP][0m <-- POST /wd/hub/session/04ac10d2-871c-430d-88e8-418d3ee9a2b0/elements 200 1433 ms - 139
[38;5;0m[HTTP][0m 
[38;5;0m[HTTP][0m [37m-->[39m [37mGET[39m [37m/wd/hub/session/04ac10d2-871c-430d-88e8-418d3ee9a2b0/element/00000000-0000-01f3-ffff-ffff00000077/location[39m
[38;5;0m[HTTP][0m {}
[38;5;48m[AndroidUiautomator2Driver@fe2b (04ac10d2)][0m Driver proxy active, passing request on via HTTP proxy
[38;5;48m[AndroidUiautomator2Driver@fe2b (04ac10d2)][0m Replacing sessionId 258d34a9-678e-433e-91a3-f8056a15920c with 04ac10d2-871c-430d-88e8-418d3ee9a2b0
[38;5;0m[HTTP][0m <-- GET /wd/hub/session/04ac10d2-871c-430d-88e8-418d3ee9a2b0/element/00000000-0000-01f3-ffff-ffff00000077/location 200 11 ms - 77
[38;5;0m[HTTP][0m 
[38;5;0m[HTTP][0m [37m-->[39m [37mPOST[39m [37m/wd/hub/session/04ac10d2-871c-430d-88e8-418d3ee9a2b0/timeouts[39m
[38;5;0m[HTTP][0m {"implicit":30000}
[38;5;0m[HTTP][0m <-- POST /wd/hub/session/04ac10d2-871c-430d-88e8-418d3ee9a2b0/timeouts 200 1 ms - 14
[38;5;0m[HTTP][0m 
[38;5;0m[HTTP][0m [37m-->[39m [37mPOST[39m [37m/wd/hub/session/04ac10d2-871c-430d-88e8-418d3ee9a2b0/element/00000000-0000-01f3-ffff-ffff00000077/clear[39m
[38;5;0m[HTTP][0m {"id":"00000000-0000-01f3-ffff-ffff00000077"}
[38;5;0m[HTTP][0m <-- POST /wd/hub/session/04ac10d2-871c-430d-88e8-418d3ee9a2b0/element/00000000-0000-01f3-ffff-ffff00000077/clear 200 13 ms - 14
[38;5;0m[HTTP][0m 
[38;5;0m[HTTP][0m [37m-->[39m [37mPOST[39m [37m/wd/hub/session/04ac10d2-871c-430d-88e8-418d3ee9a2b0/element/00000000-0000-01f3-ffff-ffff00000077/click[39m
[38;5;0m[HTTP][0m {"id":"00000000-0000-01f3-ffff-ffff00000077"}
[38;5;0m[HTTP][0m <-- POST /wd/hub/session/04ac10d2-871c-430d-88e8-418d3ee9a2b0/element/00000000-0000-01f3-ffff-ffff00000077/click 200 558 ms - 14
[38;5;0m[HTTP][0m 
[38;5;0m[HTTP][0m [37m-->[39m [37mPOST[39m [37m/wd/hub/session/04ac10d2-871c-430d-88e8-418d3ee9a2b0/element/00000000-0000-01f3-ffff-ffff00000077/value[39m
[38;5;0m[HTTP][0m {"id":"00000000-0000-01f3-ffff-ffff00000077","text":"","value":[]}
[38;5;0m[HTTP][0m <-- POST /wd/hub/session/04ac10d2-871c-430d-88e8-418d3ee9a2b0/element/00000000-0000-01f3-ffff-ffff00000077/value 200 959 ms - 14
[38;5;0m[HTTP][0m 
[38;5;0m[HTTP][0m [37m-->[39m [37mPOST[39m [37m/wd/hub/session/04ac10d2-871c-430d-88e8-418d3ee9a2b0/timeouts[39m
[38;5;0m[HTTP][0m {"implicit":50}
[38;5;0m[HTTP][0m <-- POST /wd/hub/session/04ac10d2-871c-430d-88e8-418d3ee9a2b0/timeouts 200 1 ms - 14
[38;5;0m[HTTP][0m 
[38;5;0m[HTTP][0m [37m-->[39m [37mGET[39m [37m/wd/hub/session/04ac10d2-871c-430d-88e8-418d3ee9a2b0/window/rect[39m
[38;5;0m[HTTP][0m {}
[38;5;0m[HTTP][0m <-- GET /wd/hub/session/04ac10d2-871c-430d-88e8-418d3ee9a2b0/window/rect 200 9 ms - 50
[38;5;0m[HTTP][0m 
[38;5;0m[HTTP][0m [37m-->[39m [37mPOST[39m [37m/wd/hub/session/04ac10d2-871c-430d-88e8-418d3ee9a2b0/elements[39m
[38;5;0m[HTTP][0m {"using":"xpath","value":"//hierarchy/android.widget.FrameLayout[1]/android.widget.LinearLayout[1]/android.widget.FrameLayout[1]/android.widget.LinearLayout[1]/android.widget.FrameLayout[1]/android.widget.RelativeLayout[1]/android.widget.LinearLayout[2]/android.widget.RelativeLayout[4]/android.widget.EditText[1]"}
[38;5;0m[HTTP][0m <-- POST /wd/hub/session/04ac10d2-871c-430d-88e8-418d3ee9a2b0/elements 200 720 ms - 139
[38;5;0m[HTTP][0m 
[38;5;0m[HTTP][0m [37m-->[39m [37mGET[39m [37m/wd/hub/session/04ac10d2-871c-430d-88e8-418d3ee9a2b0/element/00000000-0000-01f3-ffff-ffff0000007b/location[39m
[38;5;0m[HTTP][0m {}
[38;5;48m[AndroidUiautomator2Driver@fe2b (04ac10d2)][0m Driver proxy active, passing request on via HTTP proxy
[38;5;48m[AndroidUiautomator2Driver@fe2b (04ac10d2)][0m Replacing sessionId 258d34a9-678e-433e-91a3-f8056a15920c with 04ac10d2-871c-430d-88e8-418d3ee9a2b0
[38;5;0m[HTTP][0m <-- GET /wd/hub/session/04ac10d2-871c-430d-88e8-418d3ee9a2b0/element/00000000-0000-01f3-ffff-ffff0000007b/location 200 12 ms - 77
[38;5;0m[HTTP][0m 
[38;5;0m[HTTP][0m [37m-->[39m [37mPOST[39m [37m/wd/hub/session/04ac10d2-871c-430d-88e8-418d3ee9a2b0/timeouts[39m
[38;5;0m[HTTP][0m {"implicit":30000}
[38;5;0m[HTTP][0m <-- POST /wd/hub/session/04ac10d2-871c-430d-88e8-418d3ee9a2b0/timeouts 200 1 ms - 14
[38;5;0m[HTTP][0m 
[38;5;0m[HTTP][0m [37m-->[39m [37mPOST[39m [37m/wd/hub/session/04ac10d2-871c-430d-88e8-418d3ee9a2b0/element/00000000-0000-01f3-ffff-ffff0000007b/clear[39m
[38;5;0m[HTTP][0m {"id":"00000000-0000-01f3-ffff-ffff0000007b"}
[38;5;0m[HTTP][0m <-- POST /wd/hub/session/04ac10d2-871c-430d-88e8-418d3ee9a2b0/element/00000000-0000-01f3-ffff-ffff0000007b/clear 200 12 ms - 14
[38;5;0m[HTTP][0m 
[38;5;0m[HTTP][0m [37m-->[39m [37mPOST[39m [37m/wd/hub/session/04ac10d2-871c-430d-88e8-418d3ee9a2b0/element/00000000-0000-01f3-ffff-ffff0000007b/click[39m
[38;5;0m[HTTP][0m {"id":"00000000-0000-01f3-ffff-ffff0000007b"}
[38;5;0m[HTTP][0m <-- POST /wd/hub/session/04ac10d2-871c-430d-88e8-418d3ee9a2b0/element/00000000-0000-01f3-ffff-ffff0000007b/click 200 563 ms - 14
[38;5;0m[HTTP][0m 
[38;5;0m[HTTP][0m [37m-->[39m [37mPOST[39m [37m/wd/hub/session/04ac10d2-871c-430d-88e8-418d3ee9a2b0/element/00000000-0000-01f3-ffff-ffff0000007b/value[39m
[38;5;0m[HTTP][0m {"id":"00000000-0000-01f3-ffff-ffff0000007b","text":"","value":[]}
[38;5;0m[HTTP][0m <-- POST /wd/hub/session/04ac10d2-871c-430d-88e8-418d3ee9a2b0/element/00000000-0000-01f3-ffff-ffff0000007b/value 200 667 ms - 14
[38;5;0m[HTTP][0m 
[38;5;0m[HTTP][0m [37m-->[39m [37mPOST[39m [37m/wd/hub/session/04ac10d2-871c-430d-88e8-418d3ee9a2b0/timeouts[39m
[38;5;0m[HTTP][0m {"implicit":50}
[38;5;0m[HTTP][0m <-- POST /wd/hub/session/04ac10d2-871c-430d-88e8-418d3ee9a2b0/timeouts 200 1 ms - 14
[38;5;0m[HTTP][0m 
[38;5;0m[HTTP][0m [37m-->[39m [37mGET[39m [37m/wd/hub/session/04ac10d2-871c-430d-88e8-418d3ee9a2b0/window/rect[39m
[38;5;0m[HTTP][0m {}
[38;5;0m[HTTP][0m <-- GET /wd/hub/session/04ac10d2-871c-430d-88e8-418d3ee9a2b0/window/rect 200 17 ms - 50
[38;5;0m[HTTP][0m 
[38;5;0m[HTTP][0m [37m-->[39m [37mPOST[39m [37m/wd/hub/session/04ac10d2-871c-430d-88e8-418d3ee9a2b0/elements[39m
[38;5;0m[HTTP][0m {"using":"xpath","value":"//*[@class = 'android.widget.Button' and (@text = 'LOGIN' or . = 'LOGIN') and @resource-id = 'com.Advantage.aShopping:id/buttonLogin']"}
[38;5;0m[HTTP][0m <-- POST /wd/hub/session/04ac10d2-871c-430d-88e8-418d3ee9a2b0/elements 200 660 ms - 139
[38;5;0m[HTTP][0m 
[38;5;0m[HTTP][0m [37m-->[39m [37mGET[39m [37m/wd/hub/session/04ac10d2-871c-430d-88e8-418d3ee9a2b0/element/00000000-0000-01f3-ffff-ffff00000081/location[39m
[38;5;0m[HTTP][0m {}
[38;5;48m[AndroidUiautomator2Driver@fe2b (04ac10d2)][0m Driver proxy active, passing request on via HTTP proxy
[38;5;48m[AndroidUiautomator2Driver@fe2b (04ac10d2)][0m Replacing sessionId 258d34a9-678e-433e-91a3-f8056a15920c with 04ac10d2-871c-430d-88e8-418d3ee9a2b0
[38;5;0m[HTTP][0m <-- GET /wd/hub/session/04ac10d2-871c-430d-88e8-418d3ee9a2b0/element/00000000-0000-01f3-ffff-ffff00000081/location 200 10 ms - 77
[38;5;0m[HTTP][0m 
[38;5;0m[HTTP][0m [37m-->[39m [37mPOST[39m [37m/wd/hub/session/04ac10d2-871c-430d-88e8-418d3ee9a2b0/timeouts[39m
[38;5;0m[HTTP][0m {"implicit":30000}
[38;5;0m[HTTP][0m <-- POST /wd/hub/session/04ac10d2-871c-430d-88e8-418d3ee9a2b0/timeouts 200 1 ms - 14
[38;5;0m[HTTP][0m 
[38;5;0m[HTTP][0m [37m-->[39m [37mPOST[39m [37m/wd/hub/session/04ac10d2-871c-430d-88e8-418d3ee9a2b0/element/00000000-0000-01f3-ffff-ffff00000081/click[39m
[38;5;0m[HTTP][0m {"id":"00000000-0000-01f3-ffff-ffff00000081"}
[38;5;0m[HTTP][0m <-- POST /wd/hub/session/04ac10d2-871c-430d-88e8-418d3ee9a2b0/element/00000000-0000-01f3-ffff-ffff00000081/click 200 49 ms - 14
[38;5;0m[HTTP][0m 
[38;5;0m[HTTP][0m [37m-->[39m [37mPOST[39m [37m/wd/hub/session/04ac10d2-871c-430d-88e8-418d3ee9a2b0/timeouts[39m
[38;5;0m[HTTP][0m {"implicit":50}
[38;5;0m[HTTP][0m <-- POST /wd/hub/session/04ac10d2-871c-430d-88e8-418d3ee9a2b0/timeouts 200 1 ms - 14
[38;5;0m[HTTP][0m 
[38;5;0m[HTTP][0m [37m-->[39m [37mGET[39m [37m/wd/hub/session/04ac10d2-871c-430d-88e8-418d3ee9a2b0/window/rect[39m
[38;5;0m[HTTP][0m {}
[38;5;0m[HTTP][0m <-- GET /wd/hub/session/04ac10d2-871c-430d-88e8-418d3ee9a2b0/window/rect 200 7 ms - 50
[38;5;0m[HTTP][0m 
[38;5;0m[HTTP][0m [37m-->[39m [37mPOST[39m [37m/wd/hub/session/04ac10d2-871c-430d-88e8-418d3ee9a2b0/elements[39m
[38;5;0m[HTTP][0m {"using":"xpath","value":"//*[@class = 'android.widget.Button' and (@text = 'NO' or . = 'NO') and @resource-id = 'android:id/button2']"}
[38;5;0m[HTTP][0m <-- POST /wd/hub/session/04ac10d2-871c-430d-88e8-418d3ee9a2b0/elements 200 51 ms - 12
[38;5;0m[HTTP][0m 
[38;5;0m[HTTP][0m [37m-->[39m [37mPOST[39m [37m/wd/hub/session/04ac10d2-871c-430d-88e8-418d3ee9a2b0/elements[39m
[38;5;0m[HTTP][0m {"using":"xpath","value":"//*[@class = 'android.widget.Button' and (@text = 'NO' or . = 'NO') and @resource-id = 'android:id/button2']"}
[38;5;0m[HTTP][0m <-- POST /wd/hub/session/04ac10d2-871c-430d-88e8-418d3ee9a2b0/elements 200 97 ms - 12
[38;5;0m[HTTP][0m 
[38;5;0m[HTTP][0m [37m-->[39m [37mPOST[39m [37m/wd/hub/session/04ac10d2-871c-430d-88e8-418d3ee9a2b0/elements[39m
[38;5;0m[HTTP][0m {"using":"xpath","value":"//*[@class = 'android.widget.Button' and (@text = 'NO' or . = 'NO') and @resource-id = 'android:id/button2']"}
[38;5;0m[HTTP][0m <-- POST /wd/hub/session/04ac10d2-871c-430d-88e8-418d3ee9a2b0/elements 200 62 ms - 12
[38;5;0m[HTTP][0m 
[38;5;0m[HTTP][0m [37m-->[39m [37mPOST[39m [37m/wd/hub/session/04ac10d2-871c-430d-88e8-418d3ee9a2b0/elements[39m
[38;5;0m[HTTP][0m {"using":"xpath","value":"//*[@class = 'android.widget.Button' and (@text = 'NO' or . = 'NO') and @resource-id = 'android:id/button2']"}
[38;5;0m[HTTP][0m <-- POST /wd/hub/session/04ac10d2-871c-430d-88e8-418d3ee9a2b0/elements 200 97 ms - 12
[38;5;0m[HTTP][0m 
[38;5;0m[HTTP][0m [37m-->[39m [37mPOST[39m [37m/wd/hub/session/04ac10d2-871c-430d-88e8-418d3ee9a2b0/elements[39m
[38;5;0m[HTTP][0m {"using":"xpath","value":"//*[@class = 'android.widget.Button' and (@text = 'NO' or . = 'NO') and @resource-id = 'android:id/button2']"}
[38;5;0m[HTTP][0m <-- POST /wd/hub/session/04ac10d2-871c-430d-88e8-418d3ee9a2b0/elements 200 52 ms - 12
[38;5;0m[HTTP][0m 
[38;5;0m[HTTP][0m [37m-->[39m [37mPOST[39m [37m/wd/hub/session/04ac10d2-871c-430d-88e8-418d3ee9a2b0/elements[39m
[38;5;0m[HTTP][0m {"using":"xpath","value":"//*[@class = 'android.widget.Button' and (@text = 'NO' or . = 'NO') and @resource-id = 'android:id/button2']"}
[38;5;0m[HTTP][0m <-- POST /wd/hub/session/04ac10d2-871c-430d-88e8-418d3ee9a2b0/elements 200 93 ms - 12
[38;5;0m[HTTP][0m 
[38;5;0m[HTTP][0m [37m-->[39m [37mPOST[39m [37m/wd/hub/session/04ac10d2-871c-430d-88e8-418d3ee9a2b0/elements[39m
[38;5;0m[HTTP][0m {"using":"xpath","value":"//*[@class = 'android.widget.Button' and (@text = 'NO' or . = 'NO') and @resource-id = 'android:id/button2']"}
[38;5;0m[HTTP][0m <-- POST /wd/hub/session/04ac10d2-871c-430d-88e8-418d3ee9a2b0/elements 200 98 ms - 12
[38;5;0m[HTTP][0m 
[38;5;0m[HTTP][0m [37m-->[39m [37mPOST[39m [37m/wd/hub/session/04ac10d2-871c-430d-88e8-418d3ee9a2b0/elements[39m
[38;5;0m[HTTP][0m {"using":"xpath","value":"//*[@class = 'android.widget.Button' and (@text = 'NO' or . = 'NO') and @resource-id = 'android:id/button2']"}
[38;5;0m[HTTP][0m <-- POST /wd/hub/session/04ac10d2-871c-430d-88e8-418d3ee9a2b0/elements 200 93 ms - 12
[38;5;0m[HTTP][0m 
[38;5;0m[HTTP][0m [37m-->[39m [37mPOST[39m [37m/wd/hub/session/04ac10d2-871c-430d-88e8-418d3ee9a2b0/elements[39m
[38;5;0m[HTTP][0m {"using":"xpath","value":"//*[@class = 'android.widget.Button' and (@text = 'NO' or . = 'NO') and @resource-id = 'android:id/button2']"}
[38;5;0m[HTTP][0m <-- POST /wd/hub/session/04ac10d2-871c-430d-88e8-418d3ee9a2b0/elements 200 93 ms - 12
[38;5;0m[HTTP][0m 
[38;5;0m[HTTP][0m [37m-->[39m [37mPOST[39m [37m/wd/hub/session/04ac10d2-871c-430d-88e8-418d3ee9a2b0/elements[39m
[38;5;0m[HTTP][0m {"using":"xpath","value":"//*[@class = 'android.widget.Button' and (@text = 'NO' or . = 'NO') and @resource-id = 'android:id/button2']"}
[38;5;0m[HTTP][0m <-- POST /wd/hub/session/04ac10d2-871c-430d-88e8-418d3ee9a2b0/elements 200 93 ms - 12
[38;5;0m[HTTP][0m 
[38;5;0m[HTTP][0m [37m-->[39m [37mPOST[39m [37m/wd/hub/session/04ac10d2-871c-430d-88e8-418d3ee9a2b0/elements[39m
[38;5;0m[HTTP][0m {"using":"xpath","value":"//*[@class = 'android.widget.Button' and (@text = 'NO' or . = 'NO') and @resource-id = 'android:id/button2']"}
[38;5;0m[HTTP][0m <-- POST /wd/hub/session/04ac10d2-871c-430d-88e8-418d3ee9a2b0/elements 200 93 ms - 12
[38;5;0m[HTTP][0m 
[38;5;0m[HTTP][0m [37m-->[39m [37mPOST[39m [37m/wd/hub/session/04ac10d2-871c-430d-88e8-418d3ee9a2b0/elements[39m
[38;5;0m[HTTP][0m {"using":"xpath","value":"//*[@class = 'android.widget.Button' and (@text = 'NO' or . = 'NO') and @resource-id = 'android:id/button2']"}
[38;5;0m[HTTP][0m <-- POST /wd/hub/session/04ac10d2-871c-430d-88e8-418d3ee9a2b0/elements 200 88 ms - 12
[38;5;0m[HTTP][0m 
[38;5;0m[HTTP][0m [37m-->[39m [37mPOST[39m [37m/wd/hub/session/04ac10d2-871c-430d-88e8-418d3ee9a2b0/elements[39m
[38;5;0m[HTTP][0m {"using":"xpath","value":"//*[@class = 'android.widget.Button' and (@text = 'NO' or . = 'NO') and @resource-id = 'android:id/button2']"}
[38;5;0m[HTTP][0m <-- POST /wd/hub/session/04ac10d2-871c-430d-88e8-418d3ee9a2b0/elements 200 92 ms - 12
[38;5;0m[HTTP][0m 
[38;5;0m[HTTP][0m [37m-->[39m [37mPOST[39m [37m/wd/hub/session/04ac10d2-871c-430d-88e8-418d3ee9a2b0/elements[39m
[38;5;0m[HTTP][0m {"using":"xpath","value":"//*[@class = 'android.widget.Button' and (@text = 'NO' or . = 'NO') and @resource-id = 'android:id/button2']"}
[38;5;0m[HTTP][0m <-- POST /wd/hub/session/04ac10d2-871c-430d-88e8-418d3ee9a2b0/elements 200 54 ms - 12
[38;5;0m[HTTP][0m 
[38;5;0m[HTTP][0m [37m-->[39m [37mPOST[39m [37m/wd/hub/session/04ac10d2-871c-430d-88e8-418d3ee9a2b0/elements[39m
[38;5;0m[HTTP][0m {"using":"xpath","value":"//*[@class = 'android.widget.Button' and (@text = 'NO' or . = 'NO') and @resource-id = 'android:id/button2']"}
[38;5;0m[HTTP][0m <-- POST /wd/hub/session/04ac10d2-871c-430d-88e8-418d3ee9a2b0/elements 200 92 ms - 12
[38;5;0m[HTTP][0m 
[38;5;0m[HTTP][0m [37m-->[39m [37mPOST[39m [37m/wd/hub/session/04ac10d2-871c-430d-88e8-418d3ee9a2b0/elements[39m
[38;5;0m[HTTP][0m {"using":"xpath","value":"//*[@class = 'android.widget.Button' and (@text = 'NO' or . = 'NO') and @resource-id = 'android:id/button2']"}
[38;5;0m[HTTP][0m <-- POST /wd/hub/session/04ac10d2-871c-430d-88e8-418d3ee9a2b0/elements 200 94 ms - 12
[38;5;0m[HTTP][0m 
[38;5;0m[HTTP][0m [37m-->[39m [37mPOST[39m [37m/wd/hub/session/04ac10d2-871c-430d-88e8-418d3ee9a2b0/elements[39m
[38;5;0m[HTTP][0m {"using":"xpath","value":"//*[@class = 'android.widget.Button' and (@text = 'NO' or . = 'NO') and @resource-id = 'android:id/button2']"}
[38;5;0m[HTTP][0m <-- POST /wd/hub/session/04ac10d2-871c-430d-88e8-418d3ee9a2b0/elements 200 117 ms - 12
[38;5;0m[HTTP][0m 
[38;5;0m[HTTP][0m [37m-->[39m [37mPOST[39m [37m/wd/hub/session/04ac10d2-871c-430d-88e8-418d3ee9a2b0/elements[39m
[38;5;0m[HTTP][0m {"using":"xpath","value":"//*[@class = 'android.widget.Button' and (@text = 'NO' or . = 'NO') and @resource-id = 'android:id/button2']"}
[38;5;0m[HTTP][0m <-- POST /wd/hub/session/04ac10d2-871c-430d-88e8-418d3ee9a2b0/elements 200 95 ms - 12
[38;5;0m[HTTP][0m 
[38;5;0m[HTTP][0m [37m-->[39m [37mPOST[39m [37m/wd/hub/session/04ac10d2-871c-430d-88e8-418d3ee9a2b0/elements[39m
[38;5;0m[HTTP][0m {"using":"xpath","value":"//*[@class = 'android.widget.Button' and (@text = 'NO' or . = 'NO') and @resource-id = 'android:id/button2']"}
[38;5;0m[HTTP][0m <-- POST /wd/hub/session/04ac10d2-871c-430d-88e8-418d3ee9a2b0/elements 200 95 ms - 12
[38;5;0m[HTTP][0m 
[38;5;0m[HTTP][0m [37m-->[39m [37mPOST[39m [37m/wd/hub/session/04ac10d2-871c-430d-88e8-418d3ee9a2b0/elements[39m
[38;5;0m[HTTP][0m {"using":"xpath","value":"//*[@class = 'android.widget.Button' and (@text = 'NO' or . = 'NO') and @resource-id = 'android:id/button2']"}
[38;5;0m[HTTP][0m <-- POST /wd/hub/session/04ac10d2-871c-430d-88e8-418d3ee9a2b0/elements 200 99 ms - 12
[38;5;0m[HTTP][0m 
[38;5;0m[HTTP][0m [37m-->[39m [37mPOST[39m [37m/wd/hub/session/04ac10d2-871c-430d-88e8-418d3ee9a2b0/elements[39m
[38;5;0m[HTTP][0m {"using":"xpath","value":"//*[@class = 'android.widget.Button' and (@text = 'NO' or . = 'NO') and @resource-id = 'android:id/button2']"}
[38;5;0m[HTTP][0m <-- POST /wd/hub/session/04ac10d2-871c-430d-88e8-418d3ee9a2b0/elements 200 91 ms - 12
[38;5;0m[HTTP][0m 
[38;5;0m[HTTP][0m [37m-->[39m [37mPOST[39m [37m/wd/hub/session/04ac10d2-871c-430d-88e8-418d3ee9a2b0/elements[39m
[38;5;0m[HTTP][0m {"using":"xpath","value":"//*[@class = 'android.widget.Button' and (@text = 'NO' or . = 'NO') and @resource-id = 'android:id/button2']"}
[38;5;0m[HTTP][0m <-- POST /wd/hub/session/04ac10d2-871c-430d-88e8-418d3ee9a2b0/elements 200 109 ms - 12
[38;5;0m[HTTP][0m 
[38;5;0m[HTTP][0m [37m-->[39m [37mPOST[39m [37m/wd/hub/session/04ac10d2-871c-430d-88e8-418d3ee9a2b0/elements[39m
[38;5;0m[HTTP][0m {"using":"xpath","value":"//*[@class = 'android.widget.Button' and (@text = 'NO' or . = 'NO') and @resource-id = 'android:id/button2']"}
[38;5;0m[HTTP][0m <-- POST /wd/hub/session/04ac10d2-871c-430d-88e8-418d3ee9a2b0/elements 200 92 ms - 12
[38;5;0m[HTTP][0m 
[38;5;0m[HTTP][0m [37m-->[39m [37mPOST[39m [37m/wd/hub/session/04ac10d2-871c-430d-88e8-418d3ee9a2b0/elements[39m
[38;5;0m[HTTP][0m {"using":"xpath","value":"//*[@class = 'android.widget.Button' and (@text = 'NO' or . = 'NO') and @resource-id = 'android:id/button2']"}
[38;5;0m[HTTP][0m <-- POST /wd/hub/session/04ac10d2-871c-430d-88e8-418d3ee9a2b0/elements 200 102 ms - 12
[38;5;0m[HTTP][0m 
[38;5;0m[HTTP][0m [37m-->[39m [37mPOST[39m [37m/wd/hub/session/04ac10d2-871c-430d-88e8-418d3ee9a2b0/elements[39m
[38;5;0m[HTTP][0m {"using":"xpath","value":"//*[@class = 'android.widget.Button' and (@text = 'NO' or . = 'NO') and @resource-id = 'android:id/button2']"}
[38;5;0m[HTTP][0m <-- POST /wd/hub/session/04ac10d2-871c-430d-88e8-418d3ee9a2b0/elements 200 93 ms - 12
[38;5;0m[HTTP][0m 
[38;5;0m[HTTP][0m [37m-->[39m [37mPOST[39m [37m/wd/hub/session/04ac10d2-871c-430d-88e8-418d3ee9a2b0/elements[39m
[38;5;0m[HTTP][0m {"using":"xpath","value":"//*[@class = 'android.widget.Button' and (@text = 'NO' or . = 'NO') and @resource-id = 'android:id/button2']"}
[38;5;0m[HTTP][0m <-- POST /wd/hub/session/04ac10d2-871c-430d-88e8-418d3ee9a2b0/elements 200 95 ms - 12
[38;5;0m[HTTP][0m 
[38;5;0m[HTTP][0m [37m-->[39m [37mPOST[39m [37m/wd/hub/session/04ac10d2-871c-430d-88e8-418d3ee9a2b0/elements[39m
[38;5;0m[HTTP][0m {"using":"xpath","value":"//*[@class = 'android.widget.Button' and (@text = 'NO' or . = 'NO') and @resource-id = 'android:id/button2']"}
[38;5;0m[HTTP][0m <-- POST /wd/hub/session/04ac10d2-871c-430d-88e8-418d3ee9a2b0/elements 200 90 ms - 12
[38;5;0m[HTTP][0m 
[38;5;0m[HTTP][0m [37m-->[39m [37mPOST[39m [37m/wd/hub/session/04ac10d2-871c-430d-88e8-418d3ee9a2b0/elements[39m
[38;5;0m[HTTP][0m {"using":"xpath","value":"//*[@class = 'android.widget.Button' and (@text = 'NO' or . = 'NO') and @resource-id = 'android:id/button2']"}
[38;5;0m[HTTP][0m <-- POST /wd/hub/session/04ac10d2-871c-430d-88e8-418d3ee9a2b0/elements 200 95 ms - 12
[38;5;0m[HTTP][0m 
[38;5;0m[HTTP][0m [37m-->[39m [37mPOST[39m [37m/wd/hub/session/04ac10d2-871c-430d-88e8-418d3ee9a2b0/elements[39m
[38;5;0m[HTTP][0m {"using":"xpath","value":"//*[@class = 'android.widget.Button' and (@text = 'NO' or . = 'NO') and @resource-id = 'android:id/button2']"}
[38;5;0m[HTTP][0m <-- POST /wd/hub/session/04ac10d2-871c-430d-88e8-418d3ee9a2b0/elements 200 104 ms - 12
[38;5;0m[HTTP][0m 
[38;5;0m[HTTP][0m [37m-->[39m [37mPOST[39m [37m/wd/hub/session/04ac10d2-871c-430d-88e8-418d3ee9a2b0/elements[39m
[38;5;0m[HTTP][0m {"using":"xpath","value":"//*[@class = 'android.widget.Button' and (@text = 'NO' or . = 'NO') and @resource-id = 'android:id/button2']"}
[38;5;0m[HTTP][0m <-- POST /wd/hub/session/04ac10d2-871c-430d-88e8-418d3ee9a2b0/elements 200 93 ms - 12
[38;5;0m[HTTP][0m 
[38;5;0m[HTTP][0m [37m-->[39m [37mPOST[39m [37m/wd/hub/session/04ac10d2-871c-430d-88e8-418d3ee9a2b0/elements[39m
[38;5;0m[HTTP][0m {"using":"xpath","value":"//*[@class = 'android.widget.Button' and (@text = 'NO' or . = 'NO') and @resource-id = 'android:id/button2']"}
[38;5;0m[HTTP][0m <-- POST /wd/hub/session/04ac10d2-871c-430d-88e8-418d3ee9a2b0/elements 200 89 ms - 12
[38;5;0m[HTTP][0m 
[38;5;0m[HTTP][0m [37m-->[39m [37mPOST[39m [37m/wd/hub/session/04ac10d2-871c-430d-88e8-418d3ee9a2b0/elements[39m
[38;5;0m[HTTP][0m {"using":"xpath","value":"//*[@class = 'android.widget.Button' and (@text = 'NO' or . = 'NO') and @resource-id = 'android:id/button2']"}
[38;5;0m[HTTP][0m <-- POST /wd/hub/session/04ac10d2-871c-430d-88e8-418d3ee9a2b0/elements 200 98 ms - 12
[38;5;0m[HTTP][0m 
[38;5;0m[HTTP][0m [37m-->[39m [37mPOST[39m [37m/wd/hub/session/04ac10d2-871c-430d-88e8-418d3ee9a2b0/elements[39m
[38;5;0m[HTTP][0m {"using":"xpath","value":"//*[@class = 'android.widget.Button' and (@text = 'NO' or . = 'NO') and @resource-id = 'android:id/button2']"}
[38;5;0m[HTTP][0m <-- POST /wd/hub/session/04ac10d2-871c-430d-88e8-418d3ee9a2b0/elements 200 89 ms - 12
[38;5;0m[HTTP][0m 
[38;5;0m[HTTP][0m [37m-->[39m [37mPOST[39m [37m/wd/hub/session/04ac10d2-871c-430d-88e8-418d3ee9a2b0/elements[39m
[38;5;0m[HTTP][0m {"using":"xpath","value":"//*[@class = 'android.widget.Button' and (@text = 'NO' or . = 'NO') and @resource-id = 'android:id/button2']"}
[38;5;0m[HTTP][0m <-- POST /wd/hub/session/04ac10d2-871c-430d-88e8-418d3ee9a2b0/elements 200 96 ms - 12
[38;5;0m[HTTP][0m 
[38;5;0m[HTTP][0m [37m-->[39m [37mPOST[39m [37m/wd/hub/session/04ac10d2-871c-430d-88e8-418d3ee9a2b0/elements[39m
[38;5;0m[HTTP][0m {"using":"xpath","value":"//*[@class = 'android.widget.Button' and (@text = 'NO' or . = 'NO') and @resource-id = 'android:id/button2']"}
[38;5;0m[HTTP][0m <-- POST /wd/hub/session/04ac10d2-871c-430d-88e8-418d3ee9a2b0/elements 200 90 ms - 12
[38;5;0m[HTTP][0m 
[38;5;0m[HTTP][0m [37m-->[39m [37mPOST[39m [37m/wd/hub/session/04ac10d2-871c-430d-88e8-418d3ee9a2b0/elements[39m
[38;5;0m[HTTP][0m {"using":"xpath","value":"//*[@class = 'android.widget.Button' and (@text = 'NO' or . = 'NO') and @resource-id = 'android:id/button2']"}
[38;5;0m[HTTP][0m <-- POST /wd/hub/session/04ac10d2-871c-430d-88e8-418d3ee9a2b0/elements 200 109 ms - 12
[38;5;0m[HTTP][0m 
[38;5;0m[HTTP][0m [37m-->[39m [37mPOST[39m [37m/wd/hub/session/04ac10d2-871c-430d-88e8-418d3ee9a2b0/elements[39m
[38;5;0m[HTTP][0m {"using":"xpath","value":"//*[@class = 'android.widget.Button' and (@text = 'NO' or . = 'NO') and @resource-id = 'android:id/button2']"}
[38;5;0m[HTTP][0m <-- POST /wd/hub/session/04ac10d2-871c-430d-88e8-418d3ee9a2b0/elements 200 87 ms - 12
[38;5;0m[HTTP][0m 
[38;5;0m[HTTP][0m [37m-->[39m [37mPOST[39m [37m/wd/hub/session/04ac10d2-871c-430d-88e8-418d3ee9a2b0/elements[39m
[38;5;0m[HTTP][0m {"using":"xpath","value":"//*[@class = 'android.widget.Button' and (@text = 'NO' or . = 'NO') and @resource-id = 'android:id/button2']"}
[38;5;0m[HTTP][0m <-- POST /wd/hub/session/04ac10d2-871c-430d-88e8-418d3ee9a2b0/elements 200 91 ms - 12
[38;5;0m[HTTP][0m 
[38;5;0m[HTTP][0m [37m-->[39m [37mPOST[39m [37m/wd/hub/session/04ac10d2-871c-430d-88e8-418d3ee9a2b0/elements[39m
[38;5;0m[HTTP][0m {"using":"xpath","value":"//*[@class = 'android.widget.Button' and (@text = 'NO' or . = 'NO') and @resource-id = 'android:id/button2']"}
[38;5;0m[HTTP][0m <-- POST /wd/hub/session/04ac10d2-871c-430d-88e8-418d3ee9a2b0/elements 200 90 ms - 12
[38;5;0m[HTTP][0m 
[38;5;0m[HTTP][0m [37m-->[39m [37mPOST[39m [37m/wd/hub/session/04ac10d2-871c-430d-88e8-418d3ee9a2b0/elements[39m
[38;5;0m[HTTP][0m {"using":"xpath","value":"//*[@class = 'android.widget.Button' and (@text = 'NO' or . = 'NO') and @resource-id = 'android:id/button2']"}
[38;5;0m[HTTP][0m <-- POST /wd/hub/session/04ac10d2-871c-430d-88e8-418d3ee9a2b0/elements 200 87 ms - 12
[38;5;0m[HTTP][0m 
[38;5;0m[HTTP][0m [37m-->[39m [37mPOST[39m [37m/wd/hub/session/04ac10d2-871c-430d-88e8-418d3ee9a2b0/elements[39m
[38;5;0m[HTTP][0m {"using":"xpath","value":"//*[@class = 'android.widget.Button' and (@text = 'NO' or . = 'NO') and @resource-id = 'android:id/button2']"}
[38;5;0m[HTTP][0m <-- POST /wd/hub/session/04ac10d2-871c-430d-88e8-418d3ee9a2b0/elements 200 91 ms - 12
[38;5;0m[HTTP][0m 
[38;5;0m[HTTP][0m [37m-->[39m [37mPOST[39m [37m/wd/hub/session/04ac10d2-871c-430d-88e8-418d3ee9a2b0/elements[39m
[38;5;0m[HTTP][0m {"using":"xpath","value":"//*[@class = 'android.widget.Button' and (@text = 'NO' or . = 'NO') and @resource-id = 'android:id/button2']"}
[38;5;0m[HTTP][0m <-- POST /wd/hub/session/04ac10d2-871c-430d-88e8-418d3ee9a2b0/elements 200 87 ms - 12
[38;5;0m[HTTP][0m 
[38;5;0m[HTTP][0m [37m-->[39m [37mPOST[39m [37m/wd/hub/session/04ac10d2-871c-430d-88e8-418d3ee9a2b0/elements[39m
[38;5;0m[HTTP][0m {"using":"xpath","value":"//*[@class = 'android.widget.Button' and (@text = 'NO' or . = 'NO') and @resource-id = 'android:id/button2']"}
[38;5;0m[HTTP][0m <-- POST /wd/hub/session/04ac10d2-871c-430d-88e8-418d3ee9a2b0/elements 200 88 ms - 12
[38;5;0m[HTTP][0m 
[38;5;0m[HTTP][0m [37m-->[39m [37mPOST[39m [37m/wd/hub/session/04ac10d2-871c-430d-88e8-418d3ee9a2b0/elements[39m
[38;5;0m[HTTP][0m {"using":"xpath","value":"//*[@class = 'android.widget.Button' and (@text = 'NO' or . = 'NO') and @resource-id = 'android:id/button2']"}
[38;5;0m[HTTP][0m <-- POST /wd/hub/session/04ac10d2-871c-430d-88e8-418d3ee9a2b0/elements 200 108 ms - 12
[38;5;0m[HTTP][0m 
[38;5;0m[HTTP][0m [37m-->[39m [37mPOST[39m [37m/wd/hub/session/04ac10d2-871c-430d-88e8-418d3ee9a2b0/elements[39m
[38;5;0m[HTTP][0m {"using":"xpath","value":"//*[@class = 'android.widget.Button' and (@text = 'NO' or . = 'NO') and @resource-id = 'android:id/button2']"}
[38;5;0m[HTTP][0m <-- POST /wd/hub/session/04ac10d2-871c-430d-88e8-418d3ee9a2b0/elements 200 89 ms - 12
[38;5;0m[HTTP][0m 
[38;5;0m[HTTP][0m [37m-->[39m [37mPOST[39m [37m/wd/hub/session/04ac10d2-871c-430d-88e8-418d3ee9a2b0/elements[39m
[38;5;0m[HTTP][0m {"using":"xpath","value":"//*[@class = 'android.widget.Button' and (@text = 'NO' or . = 'NO') and @resource-id = 'android:id/button2']"}
[38;5;0m[HTTP][0m <-- POST /wd/hub/session/04ac10d2-871c-430d-88e8-418d3ee9a2b0/elements 200 88 ms - 12
[38;5;0m[HTTP][0m 
[38;5;0m[HTTP][0m [37m-->[39m [37mPOST[39m [37m/wd/hub/session/04ac10d2-871c-430d-88e8-418d3ee9a2b0/elements[39m
[38;5;0m[HTTP][0m {"using":"xpath","value":"//*[@class = 'android.widget.Button' and (@text = 'NO' or . = 'NO') and @resource-id = 'android:id/button2']"}
[38;5;0m[HTTP][0m <-- POST /wd/hub/session/04ac10d2-871c-430d-88e8-418d3ee9a2b0/elements 200 88 ms - 12
[38;5;0m[HTTP][0m 
[38;5;0m[HTTP][0m [37m-->[39m [37mPOST[39m [37m/wd/hub/session/04ac10d2-871c-430d-88e8-418d3ee9a2b0/elements[39m
[38;5;0m[HTTP][0m {"using":"xpath","value":"//*[@class = 'android.widget.Button' and (@text = 'NO' or . = 'NO') and @resource-id = 'android:id/button2']"}
[38;5;0m[HTTP][0m <-- POST /wd/hub/session/04ac10d2-871c-430d-88e8-418d3ee9a2b0/elements 200 91 ms - 12
[38;5;0m[HTTP][0m 
[38;5;0m[HTTP][0m [37m-->[39m [37mPOST[39m [37m/wd/hub/session/04ac10d2-871c-430d-88e8-418d3ee9a2b0/elements[39m
[38;5;0m[HTTP][0m {"using":"xpath","value":"//*[@class = 'android.widget.Button' and (@text = 'NO' or . = 'NO') and @resource-id = 'android:id/button2']"}
[38;5;0m[HTTP][0m <-- POST /wd/hub/session/04ac10d2-871c-430d-88e8-418d3ee9a2b0/elements 200 87 ms - 12
[38;5;0m[HTTP][0m 
[38;5;0m[HTTP][0m [37m-->[39m [37mPOST[39m [37m/wd/hub/session/04ac10d2-871c-430d-88e8-418d3ee9a2b0/elements[39m
[38;5;0m[HTTP][0m {"using":"xpath","value":"//*[@class = 'android.widget.Button' and (@text = 'NO' or . = 'NO') and @resource-id = 'android:id/button2']"}
[38;5;0m[HTTP][0m <-- POST /wd/hub/session/04ac10d2-871c-430d-88e8-418d3ee9a2b0/elements 200 94 ms - 12
[38;5;0m[HTTP][0m 
[38;5;0m[HTTP][0m [37m-->[39m [37mPOST[39m [37m/wd/hub/session/04ac10d2-871c-430d-88e8-418d3ee9a2b0/elements[39m
[38;5;0m[HTTP][0m {"using":"xpath","value":"//*[@class = 'android.widget.Button' and (@text = 'NO' or . = 'NO') and @resource-id = 'android:id/button2']"}
[38;5;0m[HTTP][0m <-- POST /wd/hub/session/04ac10d2-871c-430d-88e8-418d3ee9a2b0/elements 200 87 ms - 12
[38;5;0m[HTTP][0m 
[38;5;0m[HTTP][0m [37m-->[39m [37mPOST[39m [37m/wd/hub/session/04ac10d2-871c-430d-88e8-418d3ee9a2b0/elements[39m
[38;5;0m[HTTP][0m {"using":"xpath","value":"//*[@class = 'android.widget.Button' and (@text = 'NO' or . = 'NO') and @resource-id = 'android:id/button2']"}
[38;5;0m[HTTP][0m <-- POST /wd/hub/session/04ac10d2-871c-430d-88e8-418d3ee9a2b0/elements 200 97 ms - 12
[38;5;0m[HTTP][0m 
[38;5;0m[HTTP][0m [37m-->[39m [37mPOST[39m [37m/wd/hub/session/04ac10d2-871c-430d-88e8-418d3ee9a2b0/elements[39m
[38;5;0m[HTTP][0m {"using":"xpath","value":"//*[@class = 'android.widget.Button' and (@text = 'NO' or . = 'NO') and @resource-id = 'android:id/button2']"}
[38;5;0m[HTTP][0m <-- POST /wd/hub/session/04ac10d2-871c-430d-88e8-418d3ee9a2b0/elements 200 86 ms - 12
[38;5;0m[HTTP][0m 
[38;5;0m[HTTP][0m [37m-->[39m [37mPOST[39m [37m/wd/hub/session/04ac10d2-871c-430d-88e8-418d3ee9a2b0/elements[39m
[38;5;0m[HTTP][0m {"using":"xpath","value":"//*[@class = 'android.widget.Button' and (@text = 'NO' or . = 'NO') and @resource-id = 'android:id/button2']"}
[38;5;0m[HTTP][0m <-- POST /wd/hub/session/04ac10d2-871c-430d-88e8-418d3ee9a2b0/elements 200 91 ms - 12
[38;5;0m[HTTP][0m 
[38;5;0m[HTTP][0m [37m-->[39m [37mPOST[39m [37m/wd/hub/session/04ac10d2-871c-430d-88e8-418d3ee9a2b0/elements[39m
[38;5;0m[HTTP][0m {"using":"xpath","value":"//*[@class = 'android.widget.Button' and (@text = 'NO' or . = 'NO') and @resource-id = 'android:id/button2']"}
[38;5;0m[HTTP][0m <-- POST /wd/hub/session/04ac10d2-871c-430d-88e8-418d3ee9a2b0/elements 200 86 ms - 12
[38;5;0m[HTTP][0m 
[38;5;0m[HTTP][0m [37m-->[39m [37mPOST[39m [37m/wd/hub/session/04ac10d2-871c-430d-88e8-418d3ee9a2b0/elements[39m
[38;5;0m[HTTP][0m {"using":"xpath","value":"//*[@class = 'android.widget.Button' and (@text = 'NO' or . = 'NO') and @resource-id = 'android:id/button2']"}
[38;5;0m[HTTP][0m <-- POST /wd/hub/session/04ac10d2-871c-430d-88e8-418d3ee9a2b0/elements 200 89 ms - 12
[38;5;0m[HTTP][0m 
[38;5;0m[HTTP][0m [37m-->[39m [37mPOST[39m [37m/wd/hub/session/04ac10d2-871c-430d-88e8-418d3ee9a2b0/elements[39m
[38;5;0m[HTTP][0m {"using":"xpath","value":"//*[@class = 'android.widget.Button' and (@text = 'NO' or . = 'NO') and @resource-id = 'android:id/button2']"}
[38;5;0m[HTTP][0m <-- POST /wd/hub/session/04ac10d2-871c-430d-88e8-418d3ee9a2b0/elements 200 85 ms - 12
[38;5;0m[HTTP][0m 
[38;5;0m[HTTP][0m [37m-->[39m [37mPOST[39m [37m/wd/hub/session/04ac10d2-871c-430d-88e8-418d3ee9a2b0/elements[39m
[38;5;0m[HTTP][0m {"using":"xpath","value":"//*[@class = 'android.widget.Button' and (@text = 'NO' or . = 'NO') and @resource-id = 'android:id/button2']"}
[38;5;0m[HTTP][0m <-- POST /wd/hub/session/04ac10d2-871c-430d-88e8-418d3ee9a2b0/elements 200 90 ms - 12
[38;5;0m[HTTP][0m 
[38;5;0m[HTTP][0m [37m-->[39m [37mPOST[39m [37m/wd/hub/session/04ac10d2-871c-430d-88e8-418d3ee9a2b0/elements[39m
[38;5;0m[HTTP][0m {"using":"xpath","value":"//*[@class = 'android.widget.Button' and (@text = 'NO' or . = 'NO') and @resource-id = 'android:id/button2']"}
[38;5;0m[HTTP][0m <-- POST /wd/hub/session/04ac10d2-871c-430d-88e8-418d3ee9a2b0/elements 200 86 ms - 12
[38;5;0m[HTTP][0m 
[38;5;0m[HTTP][0m [37m-->[39m [37mPOST[39m [37m/wd/hub/session/04ac10d2-871c-430d-88e8-418d3ee9a2b0/elements[39m
[38;5;0m[HTTP][0m {"using":"xpath","value":"//*[@class = 'android.widget.Button' and (@text = 'NO' or . = 'NO') and @resource-id = 'android:id/button2']"}
[38;5;0m[HTTP][0m <-- POST /wd/hub/session/04ac10d2-871c-430d-88e8-418d3ee9a2b0/elements 200 88 ms - 12
[38;5;0m[HTTP][0m 
[38;5;0m[HTTP][0m [37m-->[39m [37mPOST[39m [37m/wd/hub/session/04ac10d2-871c-430d-88e8-418d3ee9a2b0/elements[39m
[38;5;0m[HTTP][0m {"using":"xpath","value":"//*[@class = 'android.widget.Button' and (@text = 'NO' or . = 'NO') and @resource-id = 'android:id/button2']"}
[38;5;0m[HTTP][0m <-- POST /wd/hub/session/04ac10d2-871c-430d-88e8-418d3ee9a2b0/elements 200 106 ms - 12
[38;5;0m[HTTP][0m 
[38;5;0m[HTTP][0m [37m-->[39m [37mPOST[39m [37m/wd/hub/session/04ac10d2-871c-430d-88e8-418d3ee9a2b0/elements[39m
[38;5;0m[HTTP][0m {"using":"xpath","value":"//*[@class = 'android.widget.Button' and (@text = 'NO' or . = 'NO') and @resource-id = 'android:id/button2']"}
[38;5;0m[HTTP][0m <-- POST /wd/hub/session/04ac10d2-871c-430d-88e8-418d3ee9a2b0/elements 200 87 ms - 12
[38;5;0m[HTTP][0m 
[38;5;0m[HTTP][0m [37m-->[39m [37mPOST[39m [37m/wd/hub/session/04ac10d2-871c-430d-88e8-418d3ee9a2b0/elements[39m
[38;5;0m[HTTP][0m {"using":"xpath","value":"//*[@class = 'android.widget.Button' and (@text = 'NO' or . = 'NO') and @resource-id = 'android:id/button2']"}
[38;5;0m[HTTP][0m <-- POST /wd/hub/session/04ac10d2-871c-430d-88e8-418d3ee9a2b0/elements 200 87 ms - 12
[38;5;0m[HTTP][0m 
[38;5;0m[HTTP][0m [37m-->[39m [37mPOST[39m [37m/wd/hub/session/04ac10d2-871c-430d-88e8-418d3ee9a2b0/elements[39m
[38;5;0m[HTTP][0m {"using":"xpath","value":"//*[@class = 'android.widget.Button' and (@text = 'NO' or . = 'NO') and @resource-id = 'android:id/button2']"}
[38;5;0m[HTTP][0m <-- POST /wd/hub/session/04ac10d2-871c-430d-88e8-418d3ee9a2b0/elements 200 85 ms - 12
[38;5;0m[HTTP][0m 
[38;5;0m[HTTP][0m [37m-->[39m [37mPOST[39m [37m/wd/hub/session/04ac10d2-871c-430d-88e8-418d3ee9a2b0/elements[39m
[38;5;0m[HTTP][0m {"using":"xpath","value":"//*[@class = 'android.widget.Button' and (@text = 'NO' or . = 'NO') and @resource-id = 'android:id/button2']"}
[38;5;0m[HTTP][0m <-- POST /wd/hub/session/04ac10d2-871c-430d-88e8-418d3ee9a2b0/elements 200 92 ms - 12
[38;5;0m[HTTP][0m 
[38;5;0m[HTTP][0m [37m-->[39m [37mPOST[39m [37m/wd/hub/session/04ac10d2-871c-430d-88e8-418d3ee9a2b0/elements[39m
[38;5;0m[HTTP][0m {"using":"xpath","value":"//*[@class = 'android.widget.Button' and (@text = 'NO' or . = 'NO') and @resource-id = 'android:id/button2']"}
[38;5;0m[HTTP][0m <-- POST /wd/hub/session/04ac10d2-871c-430d-88e8-418d3ee9a2b0/elements 200 83 ms - 12
[38;5;0m[HTTP][0m 
[38;5;0m[HTTP][0m [37m-->[39m [37mPOST[39m [37m/wd/hub/session/04ac10d2-871c-430d-88e8-418d3ee9a2b0/elements[39m
[38;5;0m[HTTP][0m {"using":"xpath","value":"//*[@class = 'android.widget.Button' and (@text = 'NO' or . = 'NO') and @resource-id = 'android:id/button2']"}
[38;5;0m[HTTP][0m <-- POST /wd/hub/session/04ac10d2-871c-430d-88e8-418d3ee9a2b0/elements 200 92 ms - 12
[38;5;0m[HTTP][0m 
[38;5;0m[HTTP][0m [37m-->[39m [37mPOST[39m [37m/wd/hub/session/04ac10d2-871c-430d-88e8-418d3ee9a2b0/elements[39m
[38;5;0m[HTTP][0m {"using":"xpath","value":"//*[@class = 'android.widget.Button' and (@text = 'NO' or . = 'NO') and @resource-id = 'android:id/button2']"}
[38;5;0m[HTTP][0m <-- POST /wd/hub/session/04ac10d2-871c-430d-88e8-418d3ee9a2b0/elements 200 85 ms - 12
[38;5;0m[HTTP][0m 
[38;5;0m[HTTP][0m [37m-->[39m [37mPOST[39m [37m/wd/hub/session/04ac10d2-871c-430d-88e8-418d3ee9a2b0/elements[39m
[38;5;0m[HTTP][0m {"using":"xpath","value":"//*[@class = 'android.widget.Button' and (@text = 'NO' or . = 'NO') and @resource-id = 'android:id/button2']"}
[38;5;0m[HTTP][0m <-- POST /wd/hub/session/04ac10d2-871c-430d-88e8-418d3ee9a2b0/elements 200 84 ms - 12
[38;5;0m[HTTP][0m 
[38;5;0m[HTTP][0m [37m-->[39m [37mPOST[39m [37m/wd/hub/session/04ac10d2-871c-430d-88e8-418d3ee9a2b0/elements[39m
[38;5;0m[HTTP][0m {"using":"xpath","value":"//*[@class = 'android.widget.Button' and (@text = 'NO' or . = 'NO') and @resource-id = 'android:id/button2']"}
[38;5;0m[HTTP][0m <-- POST /wd/hub/session/04ac10d2-871c-430d-88e8-418d3ee9a2b0/elements 200 85 ms - 12
[38;5;0m[HTTP][0m 
[38;5;0m[HTTP][0m [37m-->[39m [37mPOST[39m [37m/wd/hub/session/04ac10d2-871c-430d-88e8-418d3ee9a2b0/elements[39m
[38;5;0m[HTTP][0m {"using":"xpath","value":"//*[@class = 'android.widget.Button' and (@text = 'NO' or . = 'NO') and @resource-id = 'android:id/button2']"}
[38;5;0m[HTTP][0m <-- POST /wd/hub/session/04ac10d2-871c-430d-88e8-418d3ee9a2b0/elements 200 85 ms - 12
[38;5;0m[HTTP][0m 
[38;5;0m[HTTP][0m [37m-->[39m [37mPOST[39m [37m/wd/hub/session/04ac10d2-871c-430d-88e8-418d3ee9a2b0/elements[39m
[38;5;0m[HTTP][0m {"using":"xpath","value":"//*[@class = 'android.widget.Button' and (@text = 'NO' or . = 'NO') and @resource-id = 'android:id/button2']"}
[38;5;0m[HTTP][0m <-- POST /wd/hub/session/04ac10d2-871c-430d-88e8-418d3ee9a2b0/elements 200 93 ms - 12
[38;5;0m[HTTP][0m 
[38;5;0m[HTTP][0m [37m-->[39m [37mPOST[39m [37m/wd/hub/session/04ac10d2-871c-430d-88e8-418d3ee9a2b0/elements[39m
[38;5;0m[HTTP][0m {"using":"xpath","value":"//*[@class = 'android.widget.Button' and (@text = 'NO' or . = 'NO') and @resource-id = 'android:id/button2']"}
[38;5;0m[HTTP][0m <-- POST /wd/hub/session/04ac10d2-871c-430d-88e8-418d3ee9a2b0/elements 200 86 ms - 12
[38;5;0m[HTTP][0m 
[38;5;0m[HTTP][0m [37m-->[39m [37mPOST[39m [37m/wd/hub/session/04ac10d2-871c-430d-88e8-418d3ee9a2b0/elements[39m
[38;5;0m[HTTP][0m {"using":"xpath","value":"//*[@class = 'android.widget.Button' and (@text = 'NO' or . = 'NO') and @resource-id = 'android:id/button2']"}
[38;5;0m[HTTP][0m <-- POST /wd/hub/session/04ac10d2-871c-430d-88e8-418d3ee9a2b0/elements 200 96 ms - 12
[38;5;0m[HTTP][0m 
[38;5;0m[HTTP][0m [37m-->[39m [37mPOST[39m [37m/wd/hub/session/04ac10d2-871c-430d-88e8-418d3ee9a2b0/elements[39m
[38;5;0m[HTTP][0m {"using":"xpath","value":"//*[@class = 'android.widget.Button' and (@text = 'NO' or . = 'NO') and @resource-id = 'android:id/button2']"}
[38;5;0m[HTTP][0m <-- POST /wd/hub/session/04ac10d2-871c-430d-88e8-418d3ee9a2b0/elements 200 106 ms - 12
[38;5;0m[HTTP][0m 
[38;5;0m[HTTP][0m [37m-->[39m [37mPOST[39m [37m/wd/hub/session/04ac10d2-871c-430d-88e8-418d3ee9a2b0/elements[39m
[38;5;0m[HTTP][0m {"using":"xpath","value":"//*[@class = 'android.widget.Button' and (@text = 'NO' or . = 'NO') and @resource-id = 'android:id/button2']"}
[38;5;0m[HTTP][0m <-- POST /wd/hub/session/04ac10d2-871c-430d-88e8-418d3ee9a2b0/elements 200 65 ms - 12
[38;5;0m[HTTP][0m 
[38;5;0m[HTTP][0m [37m-->[39m [37mPOST[39m [37m/wd/hub/session/04ac10d2-871c-430d-88e8-418d3ee9a2b0/elements[39m
[38;5;0m[HTTP][0m {"using":"xpath","value":"//*[@class = 'android.widget.Button' and (@text = 'NO' or . = 'NO') and @resource-id = 'android:id/button2']"}
[38;5;0m[HTTP][0m <-- POST /wd/hub/session/04ac10d2-871c-430d-88e8-418d3ee9a2b0/elements 200 82 ms - 12
[38;5;0m[HTTP][0m 
[38;5;0m[HTTP][0m [37m-->[39m [37mPOST[39m [37m/wd/hub/session/04ac10d2-871c-430d-88e8-418d3ee9a2b0/elements[39m
[38;5;0m[HTTP][0m {"using":"xpath","value":"//*[@class = 'android.widget.Button' and (@text = 'NO' or . = 'NO') and @resource-id = 'android:id/button2']"}
[38;5;0m[HTTP][0m <-- POST /wd/hub/session/04ac10d2-871c-430d-88e8-418d3ee9a2b0/elements 200 86 ms - 12
[38;5;0m[HTTP][0m 
[38;5;0m[HTTP][0m [37m-->[39m [37mPOST[39m [37m/wd/hub/session/04ac10d2-871c-430d-88e8-418d3ee9a2b0/elements[39m
[38;5;0m[HTTP][0m {"using":"xpath","value":"//*[@class = 'android.widget.Button' and (@text = 'NO' or . = 'NO') and @resource-id = 'android:id/button2']"}
[38;5;0m[HTTP][0m <-- POST /wd/hub/session/04ac10d2-871c-430d-88e8-418d3ee9a2b0/elements 200 85 ms - 12
[38;5;0m[HTTP][0m 
[38;5;0m[HTTP][0m [37m-->[39m [37mPOST[39m [37m/wd/hub/session/04ac10d2-871c-430d-88e8-418d3ee9a2b0/elements[39m
[38;5;0m[HTTP][0m {"using":"xpath","value":"//*[@class = 'android.widget.Button' and (@text = 'NO' or . = 'NO') and @resource-id = 'android:id/button2']"}
[38;5;0m[HTTP][0m <-- POST /wd/hub/session/04ac10d2-871c-430d-88e8-418d3ee9a2b0/elements 200 84 ms - 12
[38;5;0m[HTTP][0m 
[38;5;0m[HTTP][0m [37m-->[39m [37mPOST[39m [37m/wd/hub/session/04ac10d2-871c-430d-88e8-418d3ee9a2b0/elements[39m
[38;5;0m[HTTP][0m {"using":"xpath","value":"//*[@class = 'android.widget.Button' and (@text = 'NO' or . = 'NO') and @resource-id = 'android:id/button2']"}
[38;5;0m[HTTP][0m <-- POST /wd/hub/session/04ac10d2-871c-430d-88e8-418d3ee9a2b0/elements 200 84 ms - 12
[38;5;0m[HTTP][0m 
[38;5;0m[HTTP][0m [37m-->[39m [37mPOST[39m [37m/wd/hub/session/04ac10d2-871c-430d-88e8-418d3ee9a2b0/elements[39m
[38;5;0m[HTTP][0m {"using":"xpath","value":"//*[@class = 'android.widget.Button' and (@text = 'NO' or . = 'NO') and @resource-id = 'android:id/button2']"}
[38;5;0m[HTTP][0m <-- POST /wd/hub/session/04ac10d2-871c-430d-88e8-418d3ee9a2b0/elements 200 84 ms - 12
[38;5;0m[HTTP][0m 
[38;5;0m[HTTP][0m [37m-->[39m [37mPOST[39m [37m/wd/hub/session/04ac10d2-871c-430d-88e8-418d3ee9a2b0/elements[39m
[38;5;0m[HTTP][0m {"using":"xpath","value":"//*[@class = 'android.widget.Button' and (@text = 'NO' or . = 'NO') and @resource-id = 'android:id/button2']"}
[38;5;0m[HTTP][0m <-- POST /wd/hub/session/04ac10d2-871c-430d-88e8-418d3ee9a2b0/elements 200 83 ms - 12
[38;5;0m[HTTP][0m 
[38;5;0m[HTTP][0m [37m-->[39m [37mPOST[39m [37m/wd/hub/session/04ac10d2-871c-430d-88e8-418d3ee9a2b0/elements[39m
[38;5;0m[HTTP][0m {"using":"xpath","value":"//*[@class = 'android.widget.Button' and (@text = 'NO' or . = 'NO') and @resource-id = 'android:id/button2']"}
[38;5;0m[HTTP][0m <-- POST /wd/hub/session/04ac10d2-871c-430d-88e8-418d3ee9a2b0/elements 200 85 ms - 12
[38;5;0m[HTTP][0m 
[38;5;0m[HTTP][0m [37m-->[39m [37mPOST[39m [37m/wd/hub/session/04ac10d2-871c-430d-88e8-418d3ee9a2b0/elements[39m
[38;5;0m[HTTP][0m {"using":"xpath","value":"//*[@class = 'android.widget.Button' and (@text = 'NO' or . = 'NO') and @resource-id = 'android:id/button2']"}
[38;5;0m[HTTP][0m <-- POST /wd/hub/session/04ac10d2-871c-430d-88e8-418d3ee9a2b0/elements 200 82 ms - 12
[38;5;0m[HTTP][0m 
[38;5;0m[HTTP][0m [37m-->[39m [37mPOST[39m [37m/wd/hub/session/04ac10d2-871c-430d-88e8-418d3ee9a2b0/elements[39m
[38;5;0m[HTTP][0m {"using":"xpath","value":"//*[@class = 'android.widget.Button' and (@text = 'NO' or . = 'NO') and @resource-id = 'android:id/button2']"}
[38;5;0m[HTTP][0m <-- POST /wd/hub/session/04ac10d2-871c-430d-88e8-418d3ee9a2b0/elements 200 82 ms - 12
[38;5;0m[HTTP][0m 
[38;5;0m[HTTP][0m [37m-->[39m [37mPOST[39m [37m/wd/hub/session/04ac10d2-871c-430d-88e8-418d3ee9a2b0/elements[39m
[38;5;0m[HTTP][0m {"using":"xpath","value":"//*[@class = 'android.widget.Button' and (@text = 'NO' or . = 'NO') and @resource-id = 'android:id/button2']"}
[38;5;0m[HTTP][0m <-- POST /wd/hub/session/04ac10d2-871c-430d-88e8-418d3ee9a2b0/elements 200 88 ms - 12
[38;5;0m[HTTP][0m 
[38;5;0m[HTTP][0m [37m-->[39m [37mPOST[39m [37m/wd/hub/session/04ac10d2-871c-430d-88e8-418d3ee9a2b0/elements[39m
[38;5;0m[HTTP][0m {"using":"xpath","value":"//*[@class = 'android.widget.Button' and (@text = 'NO' or . = 'NO') and @resource-id = 'android:id/button2']"}
[38;5;0m[HTTP][0m <-- POST /wd/hub/session/04ac10d2-871c-430d-88e8-418d3ee9a2b0/elements 200 71 ms - 12
[38;5;0m[HTTP][0m 
[38;5;0m[HTTP][0m [37m-->[39m [37mPOST[39m [37m/wd/hub/session/04ac10d2-871c-430d-88e8-418d3ee9a2b0/elements[39m
[38;5;0m[HTTP][0m {"using":"xpath","value":"//*[@class = 'android.widget.Button' and (@text = 'NO' or . = 'NO') and @resource-id = 'android:id/button2']"}
[38;5;0m[HTTP][0m <-- POST /wd/hub/session/04ac10d2-871c-430d-88e8-418d3ee9a2b0/elements 200 535 ms - 12
[38;5;0m[HTTP][0m 
[38;5;0m[HTTP][0m [37m-->[39m [37mPOST[39m [37m/wd/hub/session/04ac10d2-871c-430d-88e8-418d3ee9a2b0/elements[39m
[38;5;0m[HTTP][0m {"using":"xpath","value":"//*[@class = 'android.widget.Button' and (@text = 'NO' or . = 'NO') and @resource-id = 'android:id/button2']"}
[38;5;0m[HTTP][0m <-- POST /wd/hub/session/04ac10d2-871c-430d-88e8-418d3ee9a2b0/elements 200 82 ms - 12
[38;5;0m[HTTP][0m 
[38;5;0m[HTTP][0m [37m-->[39m [37mPOST[39m [37m/wd/hub/session/04ac10d2-871c-430d-88e8-418d3ee9a2b0/elements[39m
[38;5;0m[HTTP][0m {"using":"xpath","value":"//*[@class = 'android.widget.Button' and (@text = 'NO' or . = 'NO') and @resource-id = 'android:id/button2']"}
[38;5;0m[HTTP][0m <-- POST /wd/hub/session/04ac10d2-871c-430d-88e8-418d3ee9a2b0/elements 200 100 ms - 12
[38;5;0m[HTTP][0m 
[38;5;0m[HTTP][0m [37m-->[39m [37mPOST[39m [37m/wd/hub/session/04ac10d2-871c-430d-88e8-418d3ee9a2b0/elements[39m
[38;5;0m[HTTP][0m {"using":"xpath","value":"//*[@class = 'android.widget.Button' and (@text = 'NO' or . = 'NO') and @resource-id = 'android:id/button2']"}
[38;5;0m[HTTP][0m <-- POST /wd/hub/session/04ac10d2-871c-430d-88e8-418d3ee9a2b0/elements 200 85 ms - 12
[38;5;0m[HTTP][0m 
[38;5;0m[HTTP][0m [37m-->[39m [37mPOST[39m [37m/wd/hub/session/04ac10d2-871c-430d-88e8-418d3ee9a2b0/elements[39m
[38;5;0m[HTTP][0m {"using":"xpath","value":"//*[@class = 'android.widget.Button' and (@text = 'NO' or . = 'NO') and @resource-id = 'android:id/button2']"}
[38;5;0m[HTTP][0m <-- POST /wd/hub/session/04ac10d2-871c-430d-88e8-418d3ee9a2b0/elements 200 80 ms - 12
[38;5;0m[HTTP][0m 
[38;5;0m[HTTP][0m [37m-->[39m [37mPOST[39m [37m/wd/hub/session/04ac10d2-871c-430d-88e8-418d3ee9a2b0/elements[39m
[38;5;0m[HTTP][0m {"using":"xpath","value":"//*[@class = 'android.widget.Button' and (@text = 'NO' or . = 'NO') and @resource-id = 'android:id/button2']"}
[38;5;0m[HTTP][0m <-- POST /wd/hub/session/04ac10d2-871c-430d-88e8-418d3ee9a2b0/elements 200 99 ms - 12
[38;5;0m[HTTP][0m 
[38;5;0m[HTTP][0m [37m-->[39m [37mPOST[39m [37m/wd/hub/session/04ac10d2-871c-430d-88e8-418d3ee9a2b0/elements[39m
[38;5;0m[HTTP][0m {"using":"xpath","value":"//*[@class = 'android.widget.Button' and (@text = 'NO' or . = 'NO') and @resource-id = 'android:id/button2']"}
[38;5;0m[HTTP][0m <-- POST /wd/hub/session/04ac10d2-871c-430d-88e8-418d3ee9a2b0/elements 200 88 ms - 12
[38;5;0m[HTTP][0m 
[38;5;0m[HTTP][0m [37m-->[39m [37mPOST[39m [37m/wd/hub/session/04ac10d2-871c-430d-88e8-418d3ee9a2b0/elements[39m
[38;5;0m[HTTP][0m {"using":"xpath","value":"//*[@class = 'android.widget.Button' and (@text = 'NO' or . = 'NO') and @resource-id = 'android:id/button2']"}
[38;5;0m[HTTP][0m <-- POST /wd/hub/session/04ac10d2-871c-430d-88e8-418d3ee9a2b0/elements 200 90 ms - 12
[38;5;0m[HTTP][0m 
[38;5;0m[HTTP][0m [37m-->[39m [37mPOST[39m [37m/wd/hub/session/04ac10d2-871c-430d-88e8-418d3ee9a2b0/elements[39m
[38;5;0m[HTTP][0m {"using":"xpath","value":"//*[@class = 'android.widget.Button' and (@text = 'NO' or . = 'NO') and @resource-id = 'android:id/button2']"}
[38;5;0m[HTTP][0m <-- POST /wd/hub/session/04ac10d2-871c-430d-88e8-418d3ee9a2b0/elements 200 80 ms - 12
[38;5;0m[HTTP][0m 
[38;5;0m[HTTP][0m [37m-->[39m [37mPOST[39m [37m/wd/hub/session/04ac10d2-871c-430d-88e8-418d3ee9a2b0/elements[39m
[38;5;0m[HTTP][0m {"using":"xpath","value":"//*[@class = 'android.widget.Button' and (@text = 'NO' or . = 'NO') and @resource-id = 'android:id/button2']"}
[38;5;0m[HTTP][0m <-- POST /wd/hub/session/04ac10d2-871c-430d-88e8-418d3ee9a2b0/elements 200 84 ms - 12
[38;5;0m[HTTP][0m 
[38;5;0m[HTTP][0m [37m-->[39m [37mPOST[39m [37m/wd/hub/session/04ac10d2-871c-430d-88e8-418d3ee9a2b0/elements[39m
[38;5;0m[HTTP][0m {"using":"xpath","value":"//*[@class = 'android.widget.Button' and (@text = 'NO' or . = 'NO') and @resource-id = 'android:id/button2']"}
[38;5;0m[HTTP][0m <-- POST /wd/hub/session/04ac10d2-871c-430d-88e8-418d3ee9a2b0/elements 200 83 ms - 12
[38;5;0m[HTTP][0m 
[38;5;0m[HTTP][0m [37m-->[39m [37mPOST[39m [37m/wd/hub/session/04ac10d2-871c-430d-88e8-418d3ee9a2b0/elements[39m
[38;5;0m[HTTP][0m {"using":"xpath","value":"//*[@class = 'android.widget.Button' and (@text = 'NO' or . = 'NO') and @resource-id = 'android:id/button2']"}
[38;5;0m[HTTP][0m <-- POST /wd/hub/session/04ac10d2-871c-430d-88e8-418d3ee9a2b0/elements 200 80 ms - 12
[38;5;0m[HTTP][0m 
[38;5;0m[HTTP][0m [37m-->[39m [37mPOST[39m [37m/wd/hub/session/04ac10d2-871c-430d-88e8-418d3ee9a2b0/elements[39m
[38;5;0m[HTTP][0m {"using":"xpath","value":"//*[@class = 'android.widget.Button' and (@text = 'NO' or . = 'NO') and @resource-id = 'android:id/button2']"}
[38;5;0m[HTTP][0m <-- POST /wd/hub/session/04ac10d2-871c-430d-88e8-418d3ee9a2b0/elements 200 91 ms - 12
[38;5;0m[HTTP][0m 
[38;5;0m[HTTP][0m [37m-->[39m [37mPOST[39m [37m/wd/hub/session/04ac10d2-871c-430d-88e8-418d3ee9a2b0/elements[39m
[38;5;0m[HTTP][0m {"using":"xpath","value":"//*[@class = 'android.widget.Button' and (@text = 'NO' or . = 'NO') and @resource-id = 'android:id/button2']"}
[38;5;0m[HTTP][0m <-- POST /wd/hub/session/04ac10d2-871c-430d-88e8-418d3ee9a2b0/elements 200 82 ms - 12
[38;5;0m[HTTP][0m 
[38;5;0m[HTTP][0m [37m-->[39m [37mPOST[39m [37m/wd/hub/session/04ac10d2-871c-430d-88e8-418d3ee9a2b0/elements[39m
[38;5;0m[HTTP][0m {"using":"xpath","value":"//*[@class = 'android.widget.Button' and (@text = 'NO' or . = 'NO') and @resource-id = 'android:id/button2']"}
[38;5;0m[HTTP][0m <-- POST /wd/hub/session/04ac10d2-871c-430d-88e8-418d3ee9a2b0/elements 200 80 ms - 12
[38;5;0m[HTTP][0m 
[38;5;0m[HTTP][0m [37m-->[39m [37mPOST[39m [37m/wd/hub/session/04ac10d2-871c-430d-88e8-418d3ee9a2b0/elements[39m
[38;5;0m[HTTP][0m {"using":"xpath","value":"//*[@class = 'android.widget.Button' and (@text = 'NO' or . = 'NO') and @resource-id = 'android:id/button2']"}
[38;5;0m[HTTP][0m <-- POST /wd/hub/session/04ac10d2-871c-430d-88e8-418d3ee9a2b0/elements 200 80 ms - 12
[38;5;0m[HTTP][0m 
[38;5;0m[HTTP][0m [37m-->[39m [37mPOST[39m [37m/wd/hub/session/04ac10d2-871c-430d-88e8-418d3ee9a2b0/elements[39m
[38;5;0m[HTTP][0m {"using":"xpath","value":"//*[@class = 'android.widget.Button' and (@text = 'NO' or . = 'NO') and @resource-id = 'android:id/button2']"}
[38;5;0m[HTTP][0m <-- POST /wd/hub/session/04ac10d2-871c-430d-88e8-418d3ee9a2b0/elements 200 84 ms - 12
[38;5;0m[HTTP][0m 
[38;5;0m[HTTP][0m [37m-->[39m [37mPOST[39m [37m/wd/hub/session/04ac10d2-871c-430d-88e8-418d3ee9a2b0/elements[39m
[38;5;0m[HTTP][0m {"using":"xpath","value":"//*[@class = 'android.widget.Button' and (@text = 'NO' or . = 'NO') and @resource-id = 'android:id/button2']"}
[38;5;0m[HTTP][0m <-- POST /wd/hub/session/04ac10d2-871c-430d-88e8-418d3ee9a2b0/elements 200 79 ms - 12
[38;5;0m[HTTP][0m 
[38;5;0m[HTTP][0m [37m-->[39m [37mPOST[39m [37m/wd/hub/session/04ac10d2-871c-430d-88e8-418d3ee9a2b0/elements[39m
[38;5;0m[HTTP][0m {"using":"xpath","value":"//*[@class = 'android.widget.Button' and (@text = 'NO' or . = 'NO') and @resource-id = 'android:id/button2']"}
[38;5;0m[HTTP][0m <-- POST /wd/hub/session/04ac10d2-871c-430d-88e8-418d3ee9a2b0/elements 200 85 ms - 12
[38;5;0m[HTTP][0m 
[38;5;0m[HTTP][0m [37m-->[39m [37mPOST[39m [37m/wd/hub/session/04ac10d2-871c-430d-88e8-418d3ee9a2b0/elements[39m
[38;5;0m[HTTP][0m {"using":"xpath","value":"//*[@class = 'android.widget.Button' and (@text = 'NO' or . = 'NO') and @resource-id = 'android:id/button2']"}
[38;5;0m[HTTP][0m <-- POST /wd/hub/session/04ac10d2-871c-430d-88e8-418d3ee9a2b0/elements 200 86 ms - 12
[38;5;0m[HTTP][0m 
[38;5;0m[HTTP][0m [37m-->[39m [37mPOST[39m [37m/wd/hub/session/04ac10d2-871c-430d-88e8-418d3ee9a2b0/elements[39m
[38;5;0m[HTTP][0m {"using":"xpath","value":"//*[@class = 'android.widget.Button' and (@text = 'NO' or . = 'NO') and @resource-id = 'android:id/button2']"}
[38;5;0m[HTTP][0m <-- POST /wd/hub/session/04ac10d2-871c-430d-88e8-418d3ee9a2b0/elements 200 80 ms - 12
[38;5;0m[HTTP][0m 
[38;5;0m[HTTP][0m [37m-->[39m [37mPOST[39m [37m/wd/hub/session/04ac10d2-871c-430d-88e8-418d3ee9a2b0/elements[39m
[38;5;0m[HTTP][0m {"using":"xpath","value":"//*[@class = 'android.widget.Button' and (@text = 'NO' or . = 'NO') and @resource-id = 'android:id/button2']"}
[38;5;0m[HTTP][0m <-- POST /wd/hub/session/04ac10d2-871c-430d-88e8-418d3ee9a2b0/elements 200 84 ms - 12
[38;5;0m[HTTP][0m 
[38;5;0m[HTTP][0m [37m-->[39m [37mPOST[39m [37m/wd/hub/session/04ac10d2-871c-430d-88e8-418d3ee9a2b0/elements[39m
[38;5;0m[HTTP][0m {"using":"xpath","value":"//*[@class = 'android.widget.Button' and (@text = 'NO' or . = 'NO') and @resource-id = 'android:id/button2']"}
[38;5;0m[HTTP][0m <-- POST /wd/hub/session/04ac10d2-871c-430d-88e8-418d3ee9a2b0/elements 200 93 ms - 12
[38;5;0m[HTTP][0m 
[38;5;0m[HTTP][0m [37m-->[39m [37mPOST[39m [37m/wd/hub/session/04ac10d2-871c-430d-88e8-418d3ee9a2b0/elements[39m
[38;5;0m[HTTP][0m {"using":"xpath","value":"//*[@class = 'android.widget.Button' and (@text = 'NO' or . = 'NO') and @resource-id = 'android:id/button2']"}
[38;5;0m[HTTP][0m <-- POST /wd/hub/session/04ac10d2-871c-430d-88e8-418d3ee9a2b0/elements 200 84 ms - 12
[38;5;0m[HTTP][0m 
[38;5;0m[HTTP][0m [37m-->[39m [37mPOST[39m [37m/wd/hub/session/04ac10d2-871c-430d-88e8-418d3ee9a2b0/elements[39m
[38;5;0m[HTTP][0m {"using":"xpath","value":"//*[@class = 'android.widget.Button' and (@text = 'NO' or . = 'NO') and @resource-id = 'android:id/button2']"}
[38;5;0m[HTTP][0m <-- POST /wd/hub/session/04ac10d2-871c-430d-88e8-418d3ee9a2b0/elements 200 81 ms - 12
[38;5;0m[HTTP][0m 
[38;5;0m[HTTP][0m [37m-->[39m [37mPOST[39m [37m/wd/hub/session/04ac10d2-871c-430d-88e8-418d3ee9a2b0/elements[39m
[38;5;0m[HTTP][0m {"using":"xpath","value":"//*[@class = 'android.widget.Button' and (@text = 'NO' or . = 'NO') and @resource-id = 'android:id/button2']"}
[38;5;0m[HTTP][0m <-- POST /wd/hub/session/04ac10d2-871c-430d-88e8-418d3ee9a2b0/elements 200 85 ms - 12
[38;5;0m[HTTP][0m 
[38;5;0m[HTTP][0m [37m-->[39m [37mPOST[39m [37m/wd/hub/session/04ac10d2-871c-430d-88e8-418d3ee9a2b0/elements[39m
[38;5;0m[HTTP][0m {"using":"xpath","value":"//*[@class = 'android.widget.Button' and (@text = 'NO' or . = 'NO') and @resource-id = 'android:id/button2']"}
[38;5;0m[HTTP][0m <-- POST /wd/hub/session/04ac10d2-871c-430d-88e8-418d3ee9a2b0/elements 200 82 ms - 12
[38;5;0m[HTTP][0m 
[38;5;0m[HTTP][0m [37m-->[39m [37mPOST[39m [37m/wd/hub/session/04ac10d2-871c-430d-88e8-418d3ee9a2b0/elements[39m
[38;5;0m[HTTP][0m {"using":"xpath","value":"//*[@class = 'android.widget.Button' and (@text = 'NO' or . = 'NO') and @resource-id = 'android:id/button2']"}
[38;5;0m[HTTP][0m <-- POST /wd/hub/session/04ac10d2-871c-430d-88e8-418d3ee9a2b0/elements 200 84 ms - 12
[38;5;0m[HTTP][0m 
[38;5;0m[HTTP][0m [37m-->[39m [37mPOST[39m [37m/wd/hub/session/04ac10d2-871c-430d-88e8-418d3ee9a2b0/elements[39m
[38;5;0m[HTTP][0m {"using":"xpath","value":"//*[@class = 'android.widget.Button' and (@text = 'NO' or . = 'NO') and @resource-id = 'android:id/button2']"}
[38;5;0m[HTTP][0m <-- POST /wd/hub/session/04ac10d2-871c-430d-88e8-418d3ee9a2b0/elements 200 86 ms - 12
[38;5;0m[HTTP][0m 
[38;5;0m[HTTP][0m [37m-->[39m [37mPOST[39m [37m/wd/hub/session/04ac10d2-871c-430d-88e8-418d3ee9a2b0/elements[39m
[38;5;0m[HTTP][0m {"using":"xpath","value":"//*[@class = 'android.widget.Button' and (@text = 'NO' or . = 'NO') and @resource-id = 'android:id/button2']"}
[38;5;0m[HTTP][0m <-- POST /wd/hub/session/04ac10d2-871c-430d-88e8-418d3ee9a2b0/elements 200 134 ms - 12
[38;5;0m[HTTP][0m 
[38;5;0m[HTTP][0m [37m-->[39m [37mPOST[39m [37m/wd/hub/session/04ac10d2-871c-430d-88e8-418d3ee9a2b0/elements[39m
[38;5;0m[HTTP][0m {"using":"xpath","value":"//*[@class = 'android.widget.Button' and (@text = 'NO' or . = 'NO') and @resource-id = 'android:id/button2']"}
[38;5;0m[HTTP][0m <-- POST /wd/hub/session/04ac10d2-871c-430d-88e8-418d3ee9a2b0/elements 200 78 ms - 12
[38;5;0m[HTTP][0m 
[38;5;0m[HTTP][0m [37m-->[39m [37mPOST[39m [37m/wd/hub/session/04ac10d2-871c-430d-88e8-418d3ee9a2b0/elements[39m
[38;5;0m[HTTP][0m {"using":"xpath","value":"//*[@class = 'android.widget.Button' and (@text = 'NO' or . = 'NO') and @resource-id = 'android:id/button2']"}
[38;5;0m[HTTP][0m <-- POST /wd/hub/session/04ac10d2-871c-430d-88e8-418d3ee9a2b0/elements 200 81 ms - 12
[38;5;0m[HTTP][0m 
[38;5;0m[HTTP][0m [37m-->[39m [37mPOST[39m [37m/wd/hub/session/04ac10d2-871c-430d-88e8-418d3ee9a2b0/elements[39m
[38;5;0m[HTTP][0m {"using":"xpath","value":"//*[@class = 'android.widget.Button' and (@text = 'NO' or . = 'NO') and @resource-id = 'android:id/button2']"}
[38;5;0m[HTTP][0m <-- POST /wd/hub/session/04ac10d2-871c-430d-88e8-418d3ee9a2b0/elements 200 82 ms - 12
[38;5;0m[HTTP][0m 
[38;5;0m[HTTP][0m [37m-->[39m [37mPOST[39m [37m/wd/hub/session/04ac10d2-871c-430d-88e8-418d3ee9a2b0/elements[39m
[38;5;0m[HTTP][0m {"using":"xpath","value":"//*[@class = 'android.widget.Button' and (@text = 'NO' or . = 'NO') and @resource-id = 'android:id/button2']"}
[38;5;0m[HTTP][0m <-- POST /wd/hub/session/04ac10d2-871c-430d-88e8-418d3ee9a2b0/elements 200 103 ms - 12
[38;5;0m[HTTP][0m 
[38;5;0m[HTTP][0m [37m-->[39m [37mPOST[39m [37m/wd/hub/session/04ac10d2-871c-430d-88e8-418d3ee9a2b0/elements[39m
[38;5;0m[HTTP][0m {"using":"xpath","value":"//*[@class = 'android.widget.Button' and (@text = 'NO' or . = 'NO') and @resource-id = 'android:id/button2']"}
[38;5;0m[HTTP][0m <-- POST /wd/hub/session/04ac10d2-871c-430d-88e8-418d3ee9a2b0/elements 200 83 ms - 12
[38;5;0m[HTTP][0m 
[38;5;0m[HTTP][0m [37m-->[39m [37mPOST[39m [37m/wd/hub/session/04ac10d2-871c-430d-88e8-418d3ee9a2b0/elements[39m
[38;5;0m[HTTP][0m {"using":"xpath","value":"//*[@class = 'android.widget.Button' and (@text = 'NO' or . = 'NO') and @resource-id = 'android:id/button2']"}
[38;5;0m[HTTP][0m <-- POST /wd/hub/session/04ac10d2-871c-430d-88e8-418d3ee9a2b0/elements 200 89 ms - 12
[38;5;0m[HTTP][0m 
[38;5;0m[HTTP][0m [37m-->[39m [37mPOST[39m [37m/wd/hub/session/04ac10d2-871c-430d-88e8-418d3ee9a2b0/elements[39m
[38;5;0m[HTTP][0m {"using":"xpath","value":"//*[@class = 'android.widget.Button' and (@text = 'NO' or . = 'NO') and @resource-id = 'android:id/button2']"}
[38;5;0m[HTTP][0m <-- POST /wd/hub/session/04ac10d2-871c-430d-88e8-418d3ee9a2b0/elements 200 84 ms - 12
[38;5;0m[HTTP][0m 
[38;5;0m[HTTP][0m [37m-->[39m [37mPOST[39m [37m/wd/hub/session/04ac10d2-871c-430d-88e8-418d3ee9a2b0/elements[39m
[38;5;0m[HTTP][0m {"using":"xpath","value":"//*[@class = 'android.widget.Button' and (@text = 'NO' or . = 'NO') and @resource-id = 'android:id/button2']"}
[38;5;0m[HTTP][0m <-- POST /wd/hub/session/04ac10d2-871c-430d-88e8-418d3ee9a2b0/elements 200 83 ms - 12
[38;5;0m[HTTP][0m 
[38;5;0m[HTTP][0m [37m-->[39m [37mPOST[39m [37m/wd/hub/session/04ac10d2-871c-430d-88e8-418d3ee9a2b0/elements[39m
[38;5;0m[HTTP][0m {"using":"xpath","value":"//*[@class = 'android.widget.Button' and (@text = 'NO' or . = 'NO') and @resource-id = 'android:id/button2']"}
[38;5;0m[HTTP][0m <-- POST /wd/hub/session/04ac10d2-871c-430d-88e8-418d3ee9a2b0/elements 200 82 ms - 12
[38;5;0m[HTTP][0m 
[38;5;0m[HTTP][0m [37m-->[39m [37mPOST[39m [37m/wd/hub/session/04ac10d2-871c-430d-88e8-418d3ee9a2b0/elements[39m
[38;5;0m[HTTP][0m {"using":"xpath","value":"//*[@class = 'android.widget.Button' and (@text = 'NO' or . = 'NO') and @resource-id = 'android:id/button2']"}
[38;5;0m[HTTP][0m <-- POST /wd/hub/session/04ac10d2-871c-430d-88e8-418d3ee9a2b0/elements 200 81 ms - 12
[38;5;0m[HTTP][0m 
[38;5;0m[HTTP][0m [37m-->[39m [37mPOST[39m [37m/wd/hub/session/04ac10d2-871c-430d-88e8-418d3ee9a2b0/elements[39m
[38;5;0m[HTTP][0m {"using":"xpath","value":"//*[@class = 'android.widget.Button' and (@text = 'NO' or . = 'NO') and @resource-id = 'android:id/button2']"}
[38;5;0m[HTTP][0m <-- POST /wd/hub/session/04ac10d2-871c-430d-88e8-418d3ee9a2b0/elements 200 91 ms - 12
[38;5;0m[HTTP][0m 
[38;5;0m[HTTP][0m [37m-->[39m [37mPOST[39m [37m/wd/hub/session/04ac10d2-871c-430d-88e8-418d3ee9a2b0/elements[39m
[38;5;0m[HTTP][0m {"using":"xpath","value":"//*[@class = 'android.widget.Button' and (@text = 'NO' or . = 'NO') and @resource-id = 'android:id/button2']"}
[38;5;0m[HTTP][0m <-- POST /wd/hub/session/04ac10d2-871c-430d-88e8-418d3ee9a2b0/elements 200 84 ms - 12
[38;5;0m[HTTP][0m 
[38;5;0m[HTTP][0m [37m-->[39m [37mPOST[39m [37m/wd/hub/session/04ac10d2-871c-430d-88e8-418d3ee9a2b0/elements[39m
[38;5;0m[HTTP][0m {"using":"xpath","value":"//*[@class = 'android.widget.Button' and (@text = 'NO' or . = 'NO') and @resource-id = 'android:id/button2']"}
[38;5;0m[HTTP][0m <-- POST /wd/hub/session/04ac10d2-871c-430d-88e8-418d3ee9a2b0/elements 200 87 ms - 12
[38;5;0m[HTTP][0m 
[38;5;0m[HTTP][0m [37m-->[39m [37mPOST[39m [37m/wd/hub/session/04ac10d2-871c-430d-88e8-418d3ee9a2b0/elements[39m
[38;5;0m[HTTP][0m {"using":"xpath","value":"//*[@class = 'android.widget.Button' and (@text = 'NO' or . = 'NO') and @resource-id = 'android:id/button2']"}
[38;5;0m[HTTP][0m <-- POST /wd/hub/session/04ac10d2-871c-430d-88e8-418d3ee9a2b0/elements 200 82 ms - 12
[38;5;0m[HTTP][0m 
[38;5;0m[HTTP][0m [37m-->[39m [37mPOST[39m [37m/wd/hub/session/04ac10d2-871c-430d-88e8-418d3ee9a2b0/elements[39m
[38;5;0m[HTTP][0m {"using":"xpath","value":"//*[@class = 'android.widget.Button' and (@text = 'NO' or . = 'NO') and @resource-id = 'android:id/button2']"}
[38;5;0m[HTTP][0m <-- POST /wd/hub/session/04ac10d2-871c-430d-88e8-418d3ee9a2b0/elements 200 98 ms - 12
[38;5;0m[HTTP][0m 
[38;5;0m[HTTP][0m [37m-->[39m [37mPOST[39m [37m/wd/hub/session/04ac10d2-871c-430d-88e8-418d3ee9a2b0/elements[39m
[38;5;0m[HTTP][0m {"using":"xpath","value":"//*[@class = 'android.widget.Button' and (@text = 'NO' or . = 'NO') and @resource-id = 'android:id/button2']"}
[38;5;0m[HTTP][0m <-- POST /wd/hub/session/04ac10d2-871c-430d-88e8-418d3ee9a2b0/elements 200 83 ms - 12
[38;5;0m[HTTP][0m 
[38;5;0m[HTTP][0m [37m-->[39m [37mPOST[39m [37m/wd/hub/session/04ac10d2-871c-430d-88e8-418d3ee9a2b0/elements[39m
[38;5;0m[HTTP][0m {"using":"xpath","value":"//*[@class = 'android.widget.Button' and (@text = 'NO' or . = 'NO') and @resource-id = 'android:id/button2']"}
[38;5;0m[HTTP][0m <-- POST /wd/hub/session/04ac10d2-871c-430d-88e8-418d3ee9a2b0/elements 200 85 ms - 12
[38;5;0m[HTTP][0m 
[38;5;0m[HTTP][0m [37m-->[39m [37mPOST[39m [37m/wd/hub/session/04ac10d2-871c-430d-88e8-418d3ee9a2b0/elements[39m
[38;5;0m[HTTP][0m {"using":"xpath","value":"//*[@class = 'android.widget.Button' and (@text = 'NO' or . = 'NO') and @resource-id = 'android:id/button2']"}
[38;5;0m[HTTP][0m <-- POST /wd/hub/session/04ac10d2-871c-430d-88e8-418d3ee9a2b0/elements 200 89 ms - 12
[38;5;0m[HTTP][0m 
[38;5;0m[HTTP][0m [37m-->[39m [37mPOST[39m [37m/wd/hub/session/04ac10d2-871c-430d-88e8-418d3ee9a2b0/elements[39m
[38;5;0m[HTTP][0m {"using":"xpath","value":"//*[@class = 'android.widget.Button' and (@text = 'NO' or . = 'NO') and @resource-id = 'android:id/button2']"}
[38;5;0m[HTTP][0m <-- POST /wd/hub/session/04ac10d2-871c-430d-88e8-418d3ee9a2b0/elements 200 739 ms - 12
[38;5;0m[HTTP][0m 
[38;5;0m[HTTP][0m [37m-->[39m [37mPOST[39m [37m/wd/hub/session/04ac10d2-871c-430d-88e8-418d3ee9a2b0/elements[39m
[38;5;0m[HTTP][0m {"using":"xpath","value":"//*[@class = 'android.widget.Button' and (@text = 'NO' or . = 'NO') and @resource-id = 'android:id/button2']"}
[38;5;0m[HTTP][0m <-- POST /wd/hub/session/04ac10d2-871c-430d-88e8-418d3ee9a2b0/elements 200 52 ms - 12
[38;5;0m[HTTP][0m 
[38;5;0m[HTTP][0m [37m-->[39m [37mPOST[39m [37m/wd/hub/session/04ac10d2-871c-430d-88e8-418d3ee9a2b0/elements[39m
[38;5;0m[HTTP][0m {"using":"xpath","value":"//*[@class = 'android.widget.Button' and (@text = 'NO' or . = 'NO') and @resource-id = 'android:id/button2']"}
[38;5;0m[HTTP][0m <-- POST /wd/hub/session/04ac10d2-871c-430d-88e8-418d3ee9a2b0/elements 200 81 ms - 12
[38;5;0m[HTTP][0m 
[38;5;0m[HTTP][0m [37m-->[39m [37mPOST[39m [37m/wd/hub/session/04ac10d2-871c-430d-88e8-418d3ee9a2b0/elements[39m
[38;5;0m[HTTP][0m {"using":"xpath","value":"//*[@class = 'android.widget.Button' and (@text = 'NO' or . = 'NO') and @resource-id = 'android:id/button2']"}
[38;5;0m[HTTP][0m <-- POST /wd/hub/session/04ac10d2-871c-430d-88e8-418d3ee9a2b0/elements 200 82 ms - 12
[38;5;0m[HTTP][0m 
[38;5;0m[HTTP][0m [37m-->[39m [37mPOST[39m [37m/wd/hub/session/04ac10d2-871c-430d-88e8-418d3ee9a2b0/elements[39m
[38;5;0m[HTTP][0m {"using":"xpath","value":"//*[@class = 'android.widget.Button' and (@text = 'NO' or . = 'NO') and @resource-id = 'android:id/button2']"}
[38;5;0m[HTTP][0m <-- POST /wd/hub/session/04ac10d2-871c-430d-88e8-418d3ee9a2b0/elements 200 81 ms - 12
[38;5;0m[HTTP][0m 
[38;5;0m[HTTP][0m [37m-->[39m [37mPOST[39m [37m/wd/hub/session/04ac10d2-871c-430d-88e8-418d3ee9a2b0/elements[39m
[38;5;0m[HTTP][0m {"using":"xpath","value":"//*[@class = 'android.widget.Button' and (@text = 'NO' or . = 'NO') and @resource-id = 'android:id/button2']"}
[38;5;0m[HTTP][0m <-- POST /wd/hub/session/04ac10d2-871c-430d-88e8-418d3ee9a2b0/elements 200 91 ms - 12
[38;5;0m[HTTP][0m 
[38;5;0m[HTTP][0m [37m-->[39m [37mPOST[39m [37m/wd/hub/session/04ac10d2-871c-430d-88e8-418d3ee9a2b0/elements[39m
[38;5;0m[HTTP][0m {"using":"xpath","value":"//*[@class = 'android.widget.Button' and (@text = 'NO' or . = 'NO') and @resource-id = 'android:id/button2']"}
[38;5;0m[HTTP][0m <-- POST /wd/hub/session/04ac10d2-871c-430d-88e8-418d3ee9a2b0/elements 200 94 ms - 12
[38;5;0m[HTTP][0m 
[38;5;0m[HTTP][0m [37m-->[39m [37mPOST[39m [37m/wd/hub/session/04ac10d2-871c-430d-88e8-418d3ee9a2b0/elements[39m
[38;5;0m[HTTP][0m {"using":"xpath","value":"//*[@class = 'android.widget.Button' and (@text = 'NO' or . = 'NO') and @resource-id = 'android:id/button2']"}
[38;5;0m[HTTP][0m <-- POST /wd/hub/session/04ac10d2-871c-430d-88e8-418d3ee9a2b0/elements 200 114 ms - 12
[38;5;0m[HTTP][0m 
[38;5;0m[HTTP][0m [37m-->[39m [37mPOST[39m [37m/wd/hub/session/04ac10d2-871c-430d-88e8-418d3ee9a2b0/elements[39m
[38;5;0m[HTTP][0m {"using":"xpath","value":"//*[@class = 'android.widget.Button' and (@text = 'NO' or . = 'NO') and @resource-id = 'android:id/button2']"}
[38;5;0m[HTTP][0m <-- POST /wd/hub/session/04ac10d2-871c-430d-88e8-418d3ee9a2b0/elements 200 58 ms - 12
[38;5;0m[HTTP][0m 
[38;5;0m[HTTP][0m [37m-->[39m [37mPOST[39m [37m/wd/hub/session/04ac10d2-871c-430d-88e8-418d3ee9a2b0/elements[39m
[38;5;0m[HTTP][0m {"using":"xpath","value":"//*[@class = 'android.widget.Button' and (@text = 'NO' or . = 'NO') and @resource-id = 'android:id/button2']"}
[38;5;0m[HTTP][0m <-- POST /wd/hub/session/04ac10d2-871c-430d-88e8-418d3ee9a2b0/elements 200 61 ms - 12
[38;5;0m[HTTP][0m 
[38;5;0m[HTTP][0m [37m-->[39m [37mPOST[39m [37m/wd/hub/session/04ac10d2-871c-430d-88e8-418d3ee9a2b0/elements[39m
[38;5;0m[HTTP][0m {"using":"xpath","value":"//*[@class = 'android.widget.Button' and (@text = 'NO' or . = 'NO') and @resource-id = 'android:id/button2']"}
[38;5;0m[HTTP][0m <-- POST /wd/hub/session/04ac10d2-871c-430d-88e8-418d3ee9a2b0/elements 200 78 ms - 12
[38;5;0m[HTTP][0m 
[38;5;0m[HTTP][0m [37m-->[39m [37mPOST[39m [37m/wd/hub/session/04ac10d2-871c-430d-88e8-418d3ee9a2b0/elements[39m
[38;5;0m[HTTP][0m {"using":"xpath","value":"//*[@class = 'android.widget.Button' and (@text = 'NO' or . = 'NO') and @resource-id = 'android:id/button2']"}
[38;5;0m[HTTP][0m <-- POST /wd/hub/session/04ac10d2-871c-430d-88e8-418d3ee9a2b0/elements 200 80 ms - 12
[38;5;0m[HTTP][0m 
[38;5;0m[HTTP][0m [37m-->[39m [37mPOST[39m [37m/wd/hub/session/04ac10d2-871c-430d-88e8-418d3ee9a2b0/elements[39m
[38;5;0m[HTTP][0m {"using":"xpath","value":"//*[@class = 'android.widget.Button' and (@text = 'NO' or . = 'NO') and @resource-id = 'android:id/button2']"}
[38;5;0m[HTTP][0m <-- POST /wd/hub/session/04ac10d2-871c-430d-88e8-418d3ee9a2b0/elements 200 87 ms - 12
[38;5;0m[HTTP][0m 
[38;5;0m[HTTP][0m [37m-->[39m [37mPOST[39m [37m/wd/hub/session/04ac10d2-871c-430d-88e8-418d3ee9a2b0/elements[39m
[38;5;0m[HTTP][0m {"using":"xpath","value":"//*[@class = 'android.widget.Button' and (@text = 'NO' or . = 'NO') and @resource-id = 'android:id/button2']"}
[38;5;0m[HTTP][0m <-- POST /wd/hub/session/04ac10d2-871c-430d-88e8-418d3ee9a2b0/elements 200 80 ms - 12
[38;5;0m[HTTP][0m 
[38;5;0m[HTTP][0m [37m-->[39m [37mPOST[39m [37m/wd/hub/session/04ac10d2-871c-430d-88e8-418d3ee9a2b0/elements[39m
[38;5;0m[HTTP][0m {"using":"xpath","value":"//*[@class = 'android.widget.Button' and (@text = 'NO' or . = 'NO') and @resource-id = 'android:id/button2']"}
[38;5;0m[HTTP][0m <-- POST /wd/hub/session/04ac10d2-871c-430d-88e8-418d3ee9a2b0/elements 200 80 ms - 12
[38;5;0m[HTTP][0m 
[38;5;0m[HTTP][0m [37m-->[39m [37mPOST[39m [37m/wd/hub/session/04ac10d2-871c-430d-88e8-418d3ee9a2b0/elements[39m
[38;5;0m[HTTP][0m {"using":"xpath","value":"//*[@class = 'android.widget.Button' and (@text = 'NO' or . = 'NO') and @resource-id = 'android:id/button2']"}
[38;5;0m[HTTP][0m <-- POST /wd/hub/session/04ac10d2-871c-430d-88e8-418d3ee9a2b0/elements 200 118 ms - 12
[38;5;0m[HTTP][0m 
[38;5;0m[HTTP][0m [37m-->[39m [37mPOST[39m [37m/wd/hub/session/04ac10d2-871c-430d-88e8-418d3ee9a2b0/elements[39m
[38;5;0m[HTTP][0m {"using":"xpath","value":"//*[@class = 'android.widget.Button' and (@text = 'NO' or . = 'NO') and @resource-id = 'android:id/button2']"}
[38;5;0m[HTTP][0m <-- POST /wd/hub/session/04ac10d2-871c-430d-88e8-418d3ee9a2b0/elements 200 88 ms - 12
[38;5;0m[HTTP][0m 
[38;5;0m[HTTP][0m [37m-->[39m [37mPOST[39m [37m/wd/hub/session/04ac10d2-871c-430d-88e8-418d3ee9a2b0/elements[39m
[38;5;0m[HTTP][0m {"using":"xpath","value":"//*[@class = 'android.widget.Button' and (@text = 'NO' or . = 'NO') and @resource-id = 'android:id/button2']"}
[38;5;0m[HTTP][0m <-- POST /wd/hub/session/04ac10d2-871c-430d-88e8-418d3ee9a2b0/elements 200 84 ms - 12
[38;5;0m[HTTP][0m 
[38;5;0m[HTTP][0m [37m-->[39m [37mPOST[39m [37m/wd/hub/session/04ac10d2-871c-430d-88e8-418d3ee9a2b0/elements[39m
[38;5;0m[HTTP][0m {"using":"xpath","value":"//*[@class = 'android.widget.Button' and (@text = 'NO' or . = 'NO') and @resource-id = 'android:id/button2']"}
[38;5;0m[HTTP][0m <-- POST /wd/hub/session/04ac10d2-871c-430d-88e8-418d3ee9a2b0/elements 200 68 ms - 12
[38;5;0m[HTTP][0m 
[38;5;0m[HTTP][0m [37m-->[39m [37mPOST[39m [37m/wd/hub/session/04ac10d2-871c-430d-88e8-418d3ee9a2b0/elements[39m
[38;5;0m[HTTP][0m {"using":"xpath","value":"//*[@class = 'android.widget.Button' and (@text = 'NO' or . = 'NO') and @resource-id = 'android:id/button2']"}
[38;5;0m[HTTP][0m <-- POST /wd/hub/session/04ac10d2-871c-430d-88e8-418d3ee9a2b0/elements 200 84 ms - 12
[38;5;0m[HTTP][0m 
[38;5;0m[HTTP][0m [37m-->[39m [37mPOST[39m [37m/wd/hub/session/04ac10d2-871c-430d-88e8-418d3ee9a2b0/elements[39m
[38;5;0m[HTTP][0m {"using":"xpath","value":"//*[@class = 'android.widget.Button' and (@text = 'NO' or . = 'NO') and @resource-id = 'android:id/button2']"}
[38;5;0m[HTTP][0m <-- POST /wd/hub/session/04ac10d2-871c-430d-88e8-418d3ee9a2b0/elements 200 81 ms - 12
[38;5;0m[HTTP][0m 
[38;5;0m[HTTP][0m [37m-->[39m [37mPOST[39m [37m/wd/hub/session/04ac10d2-871c-430d-88e8-418d3ee9a2b0/elements[39m
[38;5;0m[HTTP][0m {"using":"xpath","value":"//*[@class = 'android.widget.Button' and (@text = 'NO' or . = 'NO') and @resource-id = 'android:id/button2']"}
[38;5;0m[HTTP][0m <-- POST /wd/hub/session/04ac10d2-871c-430d-88e8-418d3ee9a2b0/elements 200 79 ms - 12
[38;5;0m[HTTP][0m 
[38;5;0m[HTTP][0m [37m-->[39m [37mPOST[39m [37m/wd/hub/session/04ac10d2-871c-430d-88e8-418d3ee9a2b0/elements[39m
[38;5;0m[HTTP][0m {"using":"xpath","value":"//*[@class = 'android.widget.Button' and (@text = 'NO' or . = 'NO') and @resource-id = 'android:id/button2']"}
[38;5;0m[HTTP][0m <-- POST /wd/hub/session/04ac10d2-871c-430d-88e8-418d3ee9a2b0/elements 200 84 ms - 12
[38;5;0m[HTTP][0m 
[38;5;0m[HTTP][0m [37m-->[39m [37mPOST[39m [37m/wd/hub/session/04ac10d2-871c-430d-88e8-418d3ee9a2b0/elements[39m
[38;5;0m[HTTP][0m {"using":"xpath","value":"//*[@class = 'android.widget.Button' and (@text = 'NO' or . = 'NO') and @resource-id = 'android:id/button2']"}
[38;5;0m[HTTP][0m <-- POST /wd/hub/session/04ac10d2-871c-430d-88e8-418d3ee9a2b0/elements 200 89 ms - 12
[38;5;0m[HTTP][0m 
[38;5;0m[HTTP][0m [37m-->[39m [37mPOST[39m [37m/wd/hub/session/04ac10d2-871c-430d-88e8-418d3ee9a2b0/elements[39m
[38;5;0m[HTTP][0m {"using":"xpath","value":"//*[@class = 'android.widget.Button' and (@text = 'NO' or . = 'NO') and @resource-id = 'android:id/button2']"}
[38;5;0m[HTTP][0m <-- POST /wd/hub/session/04ac10d2-871c-430d-88e8-418d3ee9a2b0/elements 200 84 ms - 12
[38;5;0m[HTTP][0m 
[38;5;0m[HTTP][0m [37m-->[39m [37mPOST[39m [37m/wd/hub/session/04ac10d2-871c-430d-88e8-418d3ee9a2b0/elements[39m
[38;5;0m[HTTP][0m {"using":"xpath","value":"//*[@class = 'android.widget.Button' and (@text = 'NO' or . = 'NO') and @resource-id = 'android:id/button2']"}
[38;5;0m[HTTP][0m <-- POST /wd/hub/session/04ac10d2-871c-430d-88e8-418d3ee9a2b0/elements 200 82 ms - 12
[38;5;0m[HTTP][0m 
[38;5;0m[HTTP][0m [37m-->[39m [37mPOST[39m [37m/wd/hub/session/04ac10d2-871c-430d-88e8-418d3ee9a2b0/elements[39m
[38;5;0m[HTTP][0m {"using":"xpath","value":"//*[@class = 'android.widget.Button' and (@text = 'NO' or . = 'NO') and @resource-id = 'android:id/button2']"}
[38;5;0m[HTTP][0m <-- POST /wd/hub/session/04ac10d2-871c-430d-88e8-418d3ee9a2b0/elements 200 91 ms - 12
[38;5;0m[HTTP][0m 
[38;5;0m[HTTP][0m [37m-->[39m [37mPOST[39m [37m/wd/hub/session/04ac10d2-871c-430d-88e8-418d3ee9a2b0/elements[39m
[38;5;0m[HTTP][0m {"using":"xpath","value":"//*[@class = 'android.widget.Button' and (@text = 'NO' or . = 'NO') and @resource-id = 'android:id/button2']"}
[38;5;0m[HTTP][0m <-- POST /wd/hub/session/04ac10d2-871c-430d-88e8-418d3ee9a2b0/elements 200 83 ms - 12
[38;5;0m[HTTP][0m 
[38;5;0m[HTTP][0m [37m-->[39m [37mPOST[39m [37m/wd/hub/session/04ac10d2-871c-430d-88e8-418d3ee9a2b0/elements[39m
[38;5;0m[HTTP][0m {"using":"xpath","value":"//*[@class = 'android.widget.Button' and (@text = 'NO' or . = 'NO') and @resource-id = 'android:id/button2']"}
[38;5;0m[HTTP][0m <-- POST /wd/hub/session/04ac10d2-871c-430d-88e8-418d3ee9a2b0/elements 200 89 ms - 12
[38;5;0m[HTTP][0m 
[38;5;0m[HTTP][0m [37m-->[39m [37mPOST[39m [37m/wd/hub/session/04ac10d2-871c-430d-88e8-418d3ee9a2b0/elements[39m
[38;5;0m[HTTP][0m {"using":"xpath","value":"//*[@class = 'android.widget.Button' and (@text = 'NO' or . = 'NO') and @resource-id = 'android:id/button2']"}
[38;5;0m[HTTP][0m <-- POST /wd/hub/session/04ac10d2-871c-430d-88e8-418d3ee9a2b0/elements 200 98 ms - 12
[38;5;0m[HTTP][0m 
